Arguments: 
  C:\Program Files\nodejs\node.exe C:\Users\PC\AppData\Roaming\npm\node_modules\yarn\bin\yarn.js add cookie-parser

PATH: 
  C:\Users\PC\bin;C:\Program Files\Git\mingw64\bin;C:\Program Files\Git\usr\local\bin;C:\Program Files\Git\usr\bin;C:\Program Files\Git\usr\bin;C:\Program Files\Git\mingw64\bin;C:\Program Files\Git\usr\bin;C:\Users\PC\bin;C:\Python312\Scripts;C:\Python312;C:\Program Files\Eclipse Adoptium\jdk-11.0.21.9-hotspot\bin;C:\Program Files\Common Files\Oracle\Java\javapath;C:\Python39\Scripts;C:\Python39;C:\Program Files (x86)\Common Files\Oracle\Java\javapath;C:\Windows\system32;C:\Windows;C:\Windows\System32\Wbem;C:\Windows\System32\WindowsPowerShell\v1.0;C:\Windows\System32\OpenSSH;C:\Program Files\NVIDIA Corporation\NVIDIA NvDLISR;C:\Program Files\Disktrix\UltimateDefrag;C:\xampp\php;C:\composer;C:\ProgramData\chocolatey\bin;C:\xampp2\php;C:\WINDOWS\system32;C:\WINDOWS;C:\WINDOWS\System32\Wbem;C:\WINDOWS\System32\WindowsPowerShell\v1.0;C:\WINDOWS\System32\OpenSSH;C:\Program Files (x86)\NVIDIA Corporation\PhysX\Common;C:\Program Files\Git\cmd;C:\Program Files\Microsoft SQL Server\Client SDK\ODBC\110\Tools\Binn;C:\Program Files (x86)\Microsoft SQL Server\120\Tools\Binn;C:\Program Files\Microsoft SQL Server\120\Tools\Binn;C:\Program Files\Microsoft SQL Server\120\DTS\Binn;C:\Users\PC\AppData\Local\Android\Sdk\platform-tools;C:\Program Files\nodejs;C:\Users\PC\AppData\Local\Microsoft\WindowsApps;C:\Users\PC\AppData\Roaming\Composer\vendor\bin;C:\Users\PC\AppData\Local\Programs\Microsoft VS Code\bin;C:\Program Files\heroku\bin;C:\Users\PC\AppData\Local\Microsoft\WindowsApps;C:\Users\PC\AppData\Local\JetBrains\Toolbox\scripts;C:\Users\PC\AppData\Roaming\npm;C:\Program Files\Git\usr\bin\vendor_perl;C:\Program Files\Git\usr\bin\core_perl

Yarn version: 
  1.22.10

Node version: 
  20.11.0

Platform: 
  win32 x64

Trace: 
  Error: EPERM: operation not permitted, unlink 'G:\CursoWeb\Proyectos_NodeJs\Ecommerce\node_modules\bcrypt\lib\binding\napi-v3\bcrypt_lib.node'

npm manifest: 
  {
    "name": "ecommerce",
    "version": "1.0.0",
    "description": "",
    "main": "index.js",
    "scripts": {
      "server": "nodemon index.js",
      "start": "node index.js"
    },
    "author": "",
    "license": "ISC",
    "dependencies": {
      "bcrypt": "^5.1.0",
      "body-parser": "^1.20.1",
      "dotenv": "^16.0.3",
      "express": "^4.18.2",
      "express-async-handler": "^1.2.0",
      "jsonwebtoken": "^8.5.1",
      "mongoose": "^6.7.2"
    },
    "devDependencies": {
      "nodemon": "^3.0.2"
    }
  }

yarn manifest: 
  No manifest

Lockfile: 
  # THIS IS AN AUTOGENERATED FILE. DO NOT EDIT THIS FILE DIRECTLY.
  # yarn lockfile v1
  
  
  "@aws-crypto/crc32@3.0.0":
    version "3.0.0"
    resolved "https://registry.npmjs.org/@aws-crypto/crc32/-/crc32-3.0.0.tgz"
    integrity sha512-IzSgsrxUcsrejQbPVilIKy16kAT52EwB6zSaI+M3xxIhKh5+aldEyvI+z6erM7TCLB2BJsFrtHjp6/4/sr+3dA==
    dependencies:
      "@aws-crypto/util" "^3.0.0"
      "@aws-sdk/types" "^3.222.0"
      tslib "^1.11.1"
  
  "@aws-crypto/ie11-detection@^3.0.0":
    version "3.0.0"
    resolved "https://registry.npmjs.org/@aws-crypto/ie11-detection/-/ie11-detection-3.0.0.tgz"
    integrity sha512-341lBBkiY1DfDNKai/wXM3aujNBkXR7tq1URPQDL9wi3AUbI80NR74uF1TXHMm7po1AcnFk8iu2S2IeU/+/A+Q==
    dependencies:
      tslib "^1.11.1"
  
  "@aws-crypto/sha256-browser@3.0.0":
    version "3.0.0"
    resolved "https://registry.npmjs.org/@aws-crypto/sha256-browser/-/sha256-browser-3.0.0.tgz"
    integrity sha512-8VLmW2B+gjFbU5uMeqtQM6Nj0/F1bro80xQXCW6CQBWgosFWXTx77aeOF5CAIAmbOK64SdMBJdNr6J41yP5mvQ==
    dependencies:
      "@aws-crypto/ie11-detection" "^3.0.0"
      "@aws-crypto/sha256-js" "^3.0.0"
      "@aws-crypto/supports-web-crypto" "^3.0.0"
      "@aws-crypto/util" "^3.0.0"
      "@aws-sdk/types" "^3.222.0"
      "@aws-sdk/util-locate-window" "^3.0.0"
      "@aws-sdk/util-utf8-browser" "^3.0.0"
      tslib "^1.11.1"
  
  "@aws-crypto/sha256-js@^3.0.0", "@aws-crypto/sha256-js@3.0.0":
    version "3.0.0"
    resolved "https://registry.npmjs.org/@aws-crypto/sha256-js/-/sha256-js-3.0.0.tgz"
    integrity sha512-PnNN7os0+yd1XvXAy23CFOmTbMaDxgxXtTKHybrJ39Y8kGzBATgBFibWJKH6BhytLI/Zyszs87xCOBNyBig6vQ==
    dependencies:
      "@aws-crypto/util" "^3.0.0"
      "@aws-sdk/types" "^3.222.0"
      tslib "^1.11.1"
  
  "@aws-crypto/supports-web-crypto@^3.0.0":
    version "3.0.0"
    resolved "https://registry.npmjs.org/@aws-crypto/supports-web-crypto/-/supports-web-crypto-3.0.0.tgz"
    integrity sha512-06hBdMwUAb2WFTuGG73LSC0wfPu93xWwo5vL2et9eymgmu3Id5vFAHBbajVWiGhPO37qcsdCap/FqXvJGJWPIg==
    dependencies:
      tslib "^1.11.1"
  
  "@aws-crypto/util@^3.0.0":
    version "3.0.0"
    resolved "https://registry.npmjs.org/@aws-crypto/util/-/util-3.0.0.tgz"
    integrity sha512-2OJlpeJpCR48CC8r+uKVChzs9Iungj9wkZrl8Z041DWEWvyIHILYKCPNzJghKsivj+S3mLo6BVc7mBNzdxA46w==
    dependencies:
      "@aws-sdk/types" "^3.222.0"
      "@aws-sdk/util-utf8-browser" "^3.0.0"
      tslib "^1.11.1"
  
  "@aws-sdk/client-cognito-identity@3.495.0":
    version "3.495.0"
    resolved "https://registry.npmjs.org/@aws-sdk/client-cognito-identity/-/client-cognito-identity-3.495.0.tgz"
    integrity sha512-ODUGi2VKl+VO+NMx+32+vRUpj1A38XxwYKCA9KJMX/fVXmEispaENpKYnPGJz30QX6GBfdFBD6/KcqiyiQ/blA==
    dependencies:
      "@aws-crypto/sha256-browser" "3.0.0"
      "@aws-crypto/sha256-js" "3.0.0"
      "@aws-sdk/client-sts" "3.495.0"
      "@aws-sdk/core" "3.495.0"
      "@aws-sdk/credential-provider-node" "3.495.0"
      "@aws-sdk/middleware-host-header" "3.495.0"
      "@aws-sdk/middleware-logger" "3.495.0"
      "@aws-sdk/middleware-recursion-detection" "3.495.0"
      "@aws-sdk/middleware-signing" "3.495.0"
      "@aws-sdk/middleware-user-agent" "3.495.0"
      "@aws-sdk/region-config-resolver" "3.495.0"
      "@aws-sdk/types" "3.495.0"
      "@aws-sdk/util-endpoints" "3.495.0"
      "@aws-sdk/util-user-agent-browser" "3.495.0"
      "@aws-sdk/util-user-agent-node" "3.495.0"
      "@smithy/config-resolver" "^2.1.0"
      "@smithy/core" "^1.3.0"
      "@smithy/fetch-http-handler" "^2.4.0"
      "@smithy/hash-node" "^2.1.0"
      "@smithy/invalid-dependency" "^2.1.0"
      "@smithy/middleware-content-length" "^2.1.0"
      "@smithy/middleware-endpoint" "^2.4.0"
      "@smithy/middleware-retry" "^2.1.0"
      "@smithy/middleware-serde" "^2.1.0"
      "@smithy/middleware-stack" "^2.1.0"
      "@smithy/node-config-provider" "^2.2.0"
      "@smithy/node-http-handler" "^2.3.0"
      "@smithy/protocol-http" "^3.1.0"
      "@smithy/smithy-client" "^2.3.0"
      "@smithy/types" "^2.9.0"
      "@smithy/url-parser" "^2.1.0"
      "@smithy/util-base64" "^2.1.0"
      "@smithy/util-body-length-browser" "^2.1.0"
      "@smithy/util-body-length-node" "^2.2.0"
      "@smithy/util-defaults-mode-browser" "^2.1.0"
      "@smithy/util-defaults-mode-node" "^2.1.0"
      "@smithy/util-endpoints" "^1.1.0"
      "@smithy/util-retry" "^2.1.0"
      "@smithy/util-utf8" "^2.1.0"
      tslib "^2.5.0"
  
  "@aws-sdk/client-sso@3.495.0":
    version "3.495.0"
    resolved "https://registry.npmjs.org/@aws-sdk/client-sso/-/client-sso-3.495.0.tgz"
    integrity sha512-Uerh3aDe/JeQNjcyXKI+8VuKPOAB6mCUKlScD0AIca1Kdyk8PsQTq4rDzFCYAQsNS5/BuPN+Ak0NqwsJM0agYA==
    dependencies:
      "@aws-crypto/sha256-browser" "3.0.0"
      "@aws-crypto/sha256-js" "3.0.0"
      "@aws-sdk/core" "3.495.0"
      "@aws-sdk/middleware-host-header" "3.495.0"
      "@aws-sdk/middleware-logger" "3.495.0"
      "@aws-sdk/middleware-recursion-detection" "3.495.0"
      "@aws-sdk/middleware-user-agent" "3.495.0"
      "@aws-sdk/region-config-resolver" "3.495.0"
      "@aws-sdk/types" "3.495.0"
      "@aws-sdk/util-endpoints" "3.495.0"
      "@aws-sdk/util-user-agent-browser" "3.495.0"
      "@aws-sdk/util-user-agent-node" "3.495.0"
      "@smithy/config-resolver" "^2.1.0"
      "@smithy/core" "^1.3.0"
      "@smithy/fetch-http-handler" "^2.4.0"
      "@smithy/hash-node" "^2.1.0"
      "@smithy/invalid-dependency" "^2.1.0"
      "@smithy/middleware-content-length" "^2.1.0"
      "@smithy/middleware-endpoint" "^2.4.0"
      "@smithy/middleware-retry" "^2.1.0"
      "@smithy/middleware-serde" "^2.1.0"
      "@smithy/middleware-stack" "^2.1.0"
      "@smithy/node-config-provider" "^2.2.0"
      "@smithy/node-http-handler" "^2.3.0"
      "@smithy/protocol-http" "^3.1.0"
      "@smithy/smithy-client" "^2.3.0"
      "@smithy/types" "^2.9.0"
      "@smithy/url-parser" "^2.1.0"
      "@smithy/util-base64" "^2.1.0"
      "@smithy/util-body-length-browser" "^2.1.0"
      "@smithy/util-body-length-node" "^2.2.0"
      "@smithy/util-defaults-mode-browser" "^2.1.0"
      "@smithy/util-defaults-mode-node" "^2.1.0"
      "@smithy/util-endpoints" "^1.1.0"
      "@smithy/util-retry" "^2.1.0"
      "@smithy/util-utf8" "^2.1.0"
      tslib "^2.5.0"
  
  "@aws-sdk/client-sts@3.495.0":
    version "3.495.0"
    resolved "https://registry.npmjs.org/@aws-sdk/client-sts/-/client-sts-3.495.0.tgz"
    integrity sha512-lXQIx7D1MQ5+F8PaSYV7UiSxgP9M5ba/YFx1rcxi5l1GlbAWuHWhrk15qKe9d6vLxa2eTjJFiVzbO7pJqRBEWw==
    dependencies:
      "@aws-crypto/sha256-browser" "3.0.0"
      "@aws-crypto/sha256-js" "3.0.0"
      "@aws-sdk/core" "3.495.0"
      "@aws-sdk/credential-provider-node" "3.495.0"
      "@aws-sdk/middleware-host-header" "3.495.0"
      "@aws-sdk/middleware-logger" "3.495.0"
      "@aws-sdk/middleware-recursion-detection" "3.495.0"
      "@aws-sdk/middleware-user-agent" "3.495.0"
      "@aws-sdk/region-config-resolver" "3.495.0"
      "@aws-sdk/types" "3.495.0"
      "@aws-sdk/util-endpoints" "3.495.0"
      "@aws-sdk/util-user-agent-browser" "3.495.0"
      "@aws-sdk/util-user-agent-node" "3.495.0"
      "@smithy/config-resolver" "^2.1.0"
      "@smithy/core" "^1.3.0"
      "@smithy/fetch-http-handler" "^2.4.0"
      "@smithy/hash-node" "^2.1.0"
      "@smithy/invalid-dependency" "^2.1.0"
      "@smithy/middleware-content-length" "^2.1.0"
      "@smithy/middleware-endpoint" "^2.4.0"
      "@smithy/middleware-retry" "^2.1.0"
      "@smithy/middleware-serde" "^2.1.0"
      "@smithy/middleware-stack" "^2.1.0"
      "@smithy/node-config-provider" "^2.2.0"
      "@smithy/node-http-handler" "^2.3.0"
      "@smithy/protocol-http" "^3.1.0"
      "@smithy/smithy-client" "^2.3.0"
      "@smithy/types" "^2.9.0"
      "@smithy/url-parser" "^2.1.0"
      "@smithy/util-base64" "^2.1.0"
      "@smithy/util-body-length-browser" "^2.1.0"
      "@smithy/util-body-length-node" "^2.2.0"
      "@smithy/util-defaults-mode-browser" "^2.1.0"
      "@smithy/util-defaults-mode-node" "^2.1.0"
      "@smithy/util-endpoints" "^1.1.0"
      "@smithy/util-middleware" "^2.1.0"
      "@smithy/util-retry" "^2.1.0"
      "@smithy/util-utf8" "^2.1.0"
      fast-xml-parser "4.2.5"
      tslib "^2.5.0"
  
  "@aws-sdk/core@3.495.0":
    version "3.495.0"
    resolved "https://registry.npmjs.org/@aws-sdk/core/-/core-3.495.0.tgz"
    integrity sha512-TI/jq1cSUR+r1prJ9xXtxMO0u2/jXrWjf3Z2ekForsCObPtR9qkJCYyezargupoSJqZA60KUpOhxrKW/dFJ1rw==
    dependencies:
      "@smithy/core" "^1.3.0"
      "@smithy/protocol-http" "^3.1.0"
      "@smithy/signature-v4" "^2.1.0"
      "@smithy/smithy-client" "^2.3.0"
      "@smithy/types" "^2.9.0"
      tslib "^2.5.0"
  
  "@aws-sdk/credential-provider-cognito-identity@3.495.0":
    version "3.495.0"
    resolved "https://registry.npmjs.org/@aws-sdk/credential-provider-cognito-identity/-/credential-provider-cognito-identity-3.495.0.tgz"
    integrity sha512-YN24LlhhglmADISecz1R963TY6r+zySpUzCbYYTnJQqBL8YNSJqT7TM1ia9H4zsqqP4iIMFH+MXDqElooaKekQ==
    dependencies:
      "@aws-sdk/client-cognito-identity" "3.495.0"
      "@aws-sdk/types" "3.495.0"
      "@smithy/property-provider" "^2.1.0"
      "@smithy/types" "^2.9.0"
      tslib "^2.5.0"
  
  "@aws-sdk/credential-provider-env@3.495.0":
    version "3.495.0"
    resolved "https://registry.npmjs.org/@aws-sdk/credential-provider-env/-/credential-provider-env-3.495.0.tgz"
    integrity sha512-2CKlHiQRXyVA7t3VGXo39a/UwRrZs/VG0jYZFu60dK9afxesRkA4XOJto765VenT/eR3LkeVW+RBzOISHUFg0Q==
    dependencies:
      "@aws-sdk/types" "3.495.0"
      "@smithy/property-provider" "^2.1.0"
      "@smithy/types" "^2.9.0"
      tslib "^2.5.0"
  
  "@aws-sdk/credential-provider-http@3.495.0":
    version "3.495.0"
    resolved "https://registry.npmjs.org/@aws-sdk/credential-provider-http/-/credential-provider-http-3.495.0.tgz"
    integrity sha512-7C3/Pf/Zt5WpWvTqGvPe4JKKJOulLaQ2M4tL37AarKTKHdfRjhBnAaPcTfjbyabw6Egaeu6QUEpBy9baF3aFtQ==
    dependencies:
      "@aws-sdk/types" "3.495.0"
      "@smithy/fetch-http-handler" "^2.4.0"
      "@smithy/node-http-handler" "^2.3.0"
      "@smithy/property-provider" "^2.1.0"
      "@smithy/protocol-http" "^3.1.0"
      "@smithy/smithy-client" "^2.3.0"
      "@smithy/types" "^2.9.0"
      "@smithy/util-stream" "^2.1.0"
      tslib "^2.5.0"
  
  "@aws-sdk/credential-provider-ini@3.495.0":
    version "3.495.0"
    resolved "https://registry.npmjs.org/@aws-sdk/credential-provider-ini/-/credential-provider-ini-3.495.0.tgz"
    integrity sha512-DGRfND+FIacuQQNozMa8fS4yUrWZgkB6CEH4ghiqUvtE7h2sGMMVEerlaCGgTnQlpWWvDS656orzwEO3vuMTVw==
    dependencies:
      "@aws-sdk/credential-provider-env" "3.495.0"
      "@aws-sdk/credential-provider-process" "3.495.0"
      "@aws-sdk/credential-provider-sso" "3.495.0"
      "@aws-sdk/credential-provider-web-identity" "3.495.0"
      "@aws-sdk/types" "3.495.0"
      "@smithy/credential-provider-imds" "^2.2.0"
      "@smithy/property-provider" "^2.1.0"
      "@smithy/shared-ini-file-loader" "^2.3.0"
      "@smithy/types" "^2.9.0"
      tslib "^2.5.0"
  
  "@aws-sdk/credential-provider-node@3.495.0":
    version "3.495.0"
    resolved "https://registry.npmjs.org/@aws-sdk/credential-provider-node/-/credential-provider-node-3.495.0.tgz"
    integrity sha512-OH3lV7erPLNxkZQ+QBEgX353mseelBaHutyJNFKdgCYMZUhENu2DNTvkasGtwA24TqG0sRiuO2yNhpqP8IF+LA==
    dependencies:
      "@aws-sdk/credential-provider-env" "3.495.0"
      "@aws-sdk/credential-provider-ini" "3.495.0"
      "@aws-sdk/credential-provider-process" "3.495.0"
      "@aws-sdk/credential-provider-sso" "3.495.0"
      "@aws-sdk/credential-provider-web-identity" "3.495.0"
      "@aws-sdk/types" "3.495.0"
      "@smithy/credential-provider-imds" "^2.2.0"
      "@smithy/property-provider" "^2.1.0"
      "@smithy/shared-ini-file-loader" "^2.3.0"
      "@smithy/types" "^2.9.0"
      tslib "^2.5.0"
  
  "@aws-sdk/credential-provider-process@3.495.0":
    version "3.495.0"
    resolved "https://registry.npmjs.org/@aws-sdk/credential-provider-process/-/credential-provider-process-3.495.0.tgz"
    integrity sha512-AouHJtg5qXeqzlY5plqbBkQPea1Kd3/tz9wfN+d5gbTUsDBlV7R6IinzhJWWgniS0jsaEOronlCXLIEOWUzTsw==
    dependencies:
      "@aws-sdk/types" "3.495.0"
      "@smithy/property-provider" "^2.1.0"
      "@smithy/shared-ini-file-loader" "^2.3.0"
      "@smithy/types" "^2.9.0"
      tslib "^2.5.0"
  
  "@aws-sdk/credential-provider-sso@3.495.0":
    version "3.495.0"
    resolved "https://registry.npmjs.org/@aws-sdk/credential-provider-sso/-/credential-provider-sso-3.495.0.tgz"
    integrity sha512-brbgLtws+jmBPm6FrQ0CT2mHCgFKdopwxJj/4+j//OH0aAgzBH5gOztoDu1R556KU9K8Co220J79gJWV3s40zQ==
    dependencies:
      "@aws-sdk/client-sso" "3.495.0"
      "@aws-sdk/token-providers" "3.495.0"
      "@aws-sdk/types" "3.495.0"
      "@smithy/property-provider" "^2.1.0"
      "@smithy/shared-ini-file-loader" "^2.3.0"
      "@smithy/types" "^2.9.0"
      tslib "^2.5.0"
  
  "@aws-sdk/credential-provider-web-identity@3.495.0":
    version "3.495.0"
    resolved "https://registry.npmjs.org/@aws-sdk/credential-provider-web-identity/-/credential-provider-web-identity-3.495.0.tgz"
    integrity sha512-w4S01mdQZ8kQn4J6CM2Fgral9xtNBh8h5i4DWSOwFxfiokott59zDoFMWJRUdUHzXsnAGULC8+wJ4VeiZZBq1Q==
    dependencies:
      "@aws-sdk/types" "3.495.0"
      "@smithy/property-provider" "^2.1.0"
      "@smithy/types" "^2.9.0"
      tslib "^2.5.0"
  
  "@aws-sdk/credential-providers@^3.186.0":
    version "3.495.0"
    resolved "https://registry.npmjs.org/@aws-sdk/credential-providers/-/credential-providers-3.495.0.tgz"
    integrity sha512-hVNhG8fLkB8iy0e7zF6WH+C5fP84EIk9zFPo3b6pIdv9VItPIuuhCi7Mww7er3rQs4rqG16QO7icx5vGuOKLKA==
    dependencies:
      "@aws-sdk/client-cognito-identity" "3.495.0"
      "@aws-sdk/client-sso" "3.495.0"
      "@aws-sdk/client-sts" "3.495.0"
      "@aws-sdk/credential-provider-cognito-identity" "3.495.0"
      "@aws-sdk/credential-provider-env" "3.495.0"
      "@aws-sdk/credential-provider-http" "3.495.0"
      "@aws-sdk/credential-provider-ini" "3.495.0"
      "@aws-sdk/credential-provider-node" "3.495.0"
      "@aws-sdk/credential-provider-process" "3.495.0"
      "@aws-sdk/credential-provider-sso" "3.495.0"
      "@aws-sdk/credential-provider-web-identity" "3.495.0"
      "@aws-sdk/types" "3.495.0"
      "@smithy/credential-provider-imds" "^2.2.0"
      "@smithy/property-provider" "^2.1.0"
      "@smithy/types" "^2.9.0"
      tslib "^2.5.0"
  
  "@aws-sdk/middleware-host-header@3.495.0":
    version "3.495.0"
    resolved "https://registry.npmjs.org/@aws-sdk/middleware-host-header/-/middleware-host-header-3.495.0.tgz"
    integrity sha512-qqE6mVxbyJwn59NQMvtYyaZT3GEZnmsvBUry3sDtU7Be1g9w5OKhY4CnAAQyXZI288iQUtyxxDh+hnSLy6RFjA==
    dependencies:
      "@aws-sdk/types" "3.495.0"
      "@smithy/protocol-http" "^3.1.0"
      "@smithy/types" "^2.9.0"
      tslib "^2.5.0"
  
  "@aws-sdk/middleware-logger@3.495.0":
    version "3.495.0"
    resolved "https://registry.npmjs.org/@aws-sdk/middleware-logger/-/middleware-logger-3.495.0.tgz"
    integrity sha512-sgmr9fpCSg3rFvMnvfKeN7dhY+AmUpZPPWyc+s1kgQONeLUUxQkbdqR2/V+tz2ZPxUBD2dToTG/JhtMcIKmt4Q==
    dependencies:
      "@aws-sdk/types" "3.495.0"
      "@smithy/types" "^2.9.0"
      tslib "^2.5.0"
  
  "@aws-sdk/middleware-recursion-detection@3.495.0":
    version "3.495.0"
    resolved "https://registry.npmjs.org/@aws-sdk/middleware-recursion-detection/-/middleware-recursion-detection-3.495.0.tgz"
    integrity sha512-jhuOcLsMrHengJy/oz6Waumwx/vtSMKnEbROR7qZ7CaTDHRUbriPYXGen7CHCs/6aWN0UeI3JBAqwlnSW5tpIg==
    dependencies:
      "@aws-sdk/types" "3.495.0"
      "@smithy/protocol-http" "^3.1.0"
      "@smithy/types" "^2.9.0"
      tslib "^2.5.0"
  
  "@aws-sdk/middleware-signing@3.495.0":
    version "3.495.0"
    resolved "https://registry.npmjs.org/@aws-sdk/middleware-signing/-/middleware-signing-3.495.0.tgz"
    integrity sha512-QZuWRo6JQ7UKeHzqqnP/qmUXirVKXSMXSEFtpOHio/JkQPASVlD1TNs5L6RL7dKrnqLrg/jpTiw4b0UdAU8kOw==
    dependencies:
      "@aws-sdk/types" "3.495.0"
      "@smithy/property-provider" "^2.1.0"
      "@smithy/protocol-http" "^3.1.0"
      "@smithy/signature-v4" "^2.1.0"
      "@smithy/types" "^2.9.0"
      "@smithy/util-middleware" "^2.1.0"
      tslib "^2.5.0"
  
  "@aws-sdk/middleware-user-agent@3.495.0":
    version "3.495.0"
    resolved "https://registry.npmjs.org/@aws-sdk/middleware-user-agent/-/middleware-user-agent-3.495.0.tgz"
    integrity sha512-n+lC43Z7+LyAF7b63bR+e5pBmBqPaqh4gupEmrORc4wKsX7U4OncDPiVn5jPD7ZC3IZbLeTuDsjQOK8Ev+Hraw==
    dependencies:
      "@aws-sdk/types" "3.495.0"
      "@aws-sdk/util-endpoints" "3.495.0"
      "@smithy/protocol-http" "^3.1.0"
      "@smithy/types" "^2.9.0"
      tslib "^2.5.0"
  
  "@aws-sdk/region-config-resolver@3.495.0":
    version "3.495.0"
    resolved "https://registry.npmjs.org/@aws-sdk/region-config-resolver/-/region-config-resolver-3.495.0.tgz"
    integrity sha512-ZgixNb+8dWUvc42Uso2fh38U7W7wW4OESUmQIFQzYW58B1ylZ4xuq/mo0xSY5b5j6u/+pJadvlIpx/QYBafVHg==
    dependencies:
      "@aws-sdk/types" "3.495.0"
      "@smithy/node-config-provider" "^2.2.0"
      "@smithy/types" "^2.9.0"
      "@smithy/util-config-provider" "^2.2.0"
      "@smithy/util-middleware" "^2.1.0"
      tslib "^2.5.0"
  
  "@aws-sdk/token-providers@3.495.0":
    version "3.495.0"
    resolved "https://registry.npmjs.org/@aws-sdk/token-providers/-/token-providers-3.495.0.tgz"
    integrity sha512-1JSEx82FMKNNtPoV5NRpFxi0XHgfvonCKb4+2lR/k4nljqeysZPnOaIW/7C1eAwhoJ6buEIVxoHscemBtdKo+A==
    dependencies:
      "@aws-crypto/sha256-browser" "3.0.0"
      "@aws-crypto/sha256-js" "3.0.0"
      "@aws-sdk/middleware-host-header" "3.495.0"
      "@aws-sdk/middleware-logger" "3.495.0"
      "@aws-sdk/middleware-recursion-detection" "3.495.0"
      "@aws-sdk/middleware-user-agent" "3.495.0"
      "@aws-sdk/region-config-resolver" "3.495.0"
      "@aws-sdk/types" "3.495.0"
      "@aws-sdk/util-endpoints" "3.495.0"
      "@aws-sdk/util-user-agent-browser" "3.495.0"
      "@aws-sdk/util-user-agent-node" "3.495.0"
      "@smithy/config-resolver" "^2.1.0"
      "@smithy/fetch-http-handler" "^2.4.0"
      "@smithy/hash-node" "^2.1.0"
      "@smithy/invalid-dependency" "^2.1.0"
      "@smithy/middleware-content-length" "^2.1.0"
      "@smithy/middleware-endpoint" "^2.4.0"
      "@smithy/middleware-retry" "^2.1.0"
      "@smithy/middleware-serde" "^2.1.0"
      "@smithy/middleware-stack" "^2.1.0"
      "@smithy/node-config-provider" "^2.2.0"
      "@smithy/node-http-handler" "^2.3.0"
      "@smithy/property-provider" "^2.1.0"
      "@smithy/protocol-http" "^3.1.0"
      "@smithy/shared-ini-file-loader" "^2.3.0"
      "@smithy/smithy-client" "^2.3.0"
      "@smithy/types" "^2.9.0"
      "@smithy/url-parser" "^2.1.0"
      "@smithy/util-base64" "^2.1.0"
      "@smithy/util-body-length-browser" "^2.1.0"
      "@smithy/util-body-length-node" "^2.2.0"
      "@smithy/util-defaults-mode-browser" "^2.1.0"
      "@smithy/util-defaults-mode-node" "^2.1.0"
      "@smithy/util-endpoints" "^1.1.0"
      "@smithy/util-retry" "^2.1.0"
      "@smithy/util-utf8" "^2.1.0"
      tslib "^2.5.0"
  
  "@aws-sdk/types@^3.222.0", "@aws-sdk/types@3.495.0":
    version "3.495.0"
    resolved "https://registry.npmjs.org/@aws-sdk/types/-/types-3.495.0.tgz"
    integrity sha512-KUpo2U1rD4U6gT1QNPUJGmbQnruvIJmPeuyKndil6h2zkCpG5I0AHE8ixpfuBbizIZQOIA/26pArQivDChOD9A==
    dependencies:
      "@smithy/types" "^2.9.0"
      tslib "^2.5.0"
  
  "@aws-sdk/util-endpoints@3.495.0":
    version "3.495.0"
    resolved "https://registry.npmjs.org/@aws-sdk/util-endpoints/-/util-endpoints-3.495.0.tgz"
    integrity sha512-pMJ6rb16y51I4G33xtinkXAXH/2mQ0WZCwoh1sNkCM2MUfZDw9zAyP+PvB2tpEytQX8Fc7bR4qIP+td+pPEXAg==
    dependencies:
      "@aws-sdk/types" "3.495.0"
      "@smithy/types" "^2.9.0"
      "@smithy/util-endpoints" "^1.1.0"
      tslib "^2.5.0"
  
  "@aws-sdk/util-locate-window@^3.0.0":
    version "3.495.0"
    resolved "https://registry.npmjs.org/@aws-sdk/util-locate-window/-/util-locate-window-3.495.0.tgz"
    integrity sha512-MfaPXT0kLX2tQaR90saBT9fWQq2DHqSSJRzW+MZWsmF+y5LGCOhO22ac/2o6TKSQm7h0HRc2GaADqYYYor62yg==
    dependencies:
      tslib "^2.5.0"
  
  "@aws-sdk/util-user-agent-browser@3.495.0":
    version "3.495.0"
    resolved "https://registry.npmjs.org/@aws-sdk/util-user-agent-browser/-/util-user-agent-browser-3.495.0.tgz"
    integrity sha512-CIlY54aKahUqF4kygbMkDkFRc9t+8Km/r+IWapy91h0Exy84V+S47MJdAelsMg8Id6hZ47jWmuuzz5UcjU/+sQ==
    dependencies:
      "@aws-sdk/types" "3.495.0"
      "@smithy/types" "^2.9.0"
      bowser "^2.11.0"
      tslib "^2.5.0"
  
  "@aws-sdk/util-user-agent-node@3.495.0":
    version "3.495.0"
    resolved "https://registry.npmjs.org/@aws-sdk/util-user-agent-node/-/util-user-agent-node-3.495.0.tgz"
    integrity sha512-BbEwwh9SCtMrcNES0u4q5/8BjAKkOiHGia0gDSlQHOmEzXxYvhx0ByRMaPeprL06iESFa6HcleJWenWktfxk3g==
    dependencies:
      "@aws-sdk/types" "3.495.0"
      "@smithy/node-config-provider" "^2.2.0"
      "@smithy/types" "^2.9.0"
      tslib "^2.5.0"
  
  "@aws-sdk/util-utf8-browser@^3.0.0":
    version "3.259.0"
    resolved "https://registry.npmjs.org/@aws-sdk/util-utf8-browser/-/util-utf8-browser-3.259.0.tgz"
    integrity sha512-UvFa/vR+e19XookZF8RzFZBrw2EUkQWxiBW0yYQAhvk3C+QVGl0H3ouca8LDBlBfQKXwmW3huo/59H8rwb1wJw==
    dependencies:
      tslib "^2.3.1"
  
  "@mapbox/node-pre-gyp@^1.0.11":
    version "1.0.11"
    resolved "https://registry.npmjs.org/@mapbox/node-pre-gyp/-/node-pre-gyp-1.0.11.tgz"
    integrity sha512-Yhlar6v9WQgUp/He7BdgzOz8lqMQ8sU+jkCq7Wx8Myc5YFJLbEe7lgui/V7G1qB1DJykHSGwreceSaD60Y0PUQ==
    dependencies:
      detect-libc "^2.0.0"
      https-proxy-agent "^5.0.0"
      make-dir "^3.1.0"
      node-fetch "^2.6.7"
      nopt "^5.0.0"
      npmlog "^5.0.1"
      rimraf "^3.0.2"
      semver "^7.3.5"
      tar "^6.1.11"
  
  "@mongodb-js/saslprep@^1.1.0":
    version "1.1.3"
    resolved "https://registry.npmjs.org/@mongodb-js/saslprep/-/saslprep-1.1.3.tgz"
    integrity sha512-SyCxhJfmK6MoLNV5SbDpNdUy9SDv5H7y9/9rl3KpnwgTHWuNNMc87zWqbcIZXNWY+aUjxLGLEcvHoLagG4tWCg==
    dependencies:
      sparse-bitfield "^3.0.3"
  
  "@smithy/abort-controller@^2.1.0":
    version "2.1.0"
    resolved "https://registry.npmjs.org/@smithy/abort-controller/-/abort-controller-2.1.0.tgz"
    integrity sha512-fyPlWpzXyKzDVRRMUbsfH7AV/2xX+dyZ5RqeEo6Hjz9YUvDMGVSnm88iHH0zqZ+XmH4+sH4+mhwRL76HXX65uw==
    dependencies:
      "@smithy/types" "^2.9.0"
      tslib "^2.5.0"
  
  "@smithy/config-resolver@^2.1.0":
    version "2.1.0"
    resolved "https://registry.npmjs.org/@smithy/config-resolver/-/config-resolver-2.1.0.tgz"
    integrity sha512-NcR1Hw2uZgwHT7/KFsQH76YHb/mNGLFu+hS0ODnoFUpViE8ddIVOXm/8sgwdh0QvFPtWGzPn0Wcp19Cm31wv2A==
    dependencies:
      "@smithy/node-config-provider" "^2.2.0"
      "@smithy/types" "^2.9.0"
      "@smithy/util-config-provider" "^2.2.0"
      "@smithy/util-middleware" "^2.1.0"
      tslib "^2.5.0"
  
  "@smithy/core@^1.3.0":
    version "1.3.0"
    resolved "https://registry.npmjs.org/@smithy/core/-/core-1.3.0.tgz"
    integrity sha512-XoU9eiICwhxZIyAdugijyD/YqsumDQ3FgGyFSJibO60qoUkdfMGSjnIvrTemjFBdnDsj4B26F/ZRxSR3PUJbJQ==
    dependencies:
      "@smithy/middleware-endpoint" "^2.4.0"
      "@smithy/middleware-retry" "^2.1.0"
      "@smithy/middleware-serde" "^2.1.0"
      "@smithy/protocol-http" "^3.1.0"
      "@smithy/smithy-client" "^2.3.0"
      "@smithy/types" "^2.9.0"
      "@smithy/util-middleware" "^2.1.0"
      tslib "^2.5.0"
  
  "@smithy/credential-provider-imds@^2.2.0":
    version "2.2.0"
    resolved "https://registry.npmjs.org/@smithy/credential-provider-imds/-/credential-provider-imds-2.2.0.tgz"
    integrity sha512-uqoRizHR8rKih6SuWcJRSv46tdqZk1zPEk6r909O87XO85j21MfUcxRKzbkORM2JOlaFhCH4geRcvlvYfK6EyQ==
    dependencies:
      "@smithy/node-config-provider" "^2.2.0"
      "@smithy/property-provider" "^2.1.0"
      "@smithy/types" "^2.9.0"
      "@smithy/url-parser" "^2.1.0"
      tslib "^2.5.0"
  
  "@smithy/eventstream-codec@^2.1.0":
    version "2.1.0"
    resolved "https://registry.npmjs.org/@smithy/eventstream-codec/-/eventstream-codec-2.1.0.tgz"
    integrity sha512-1yQnf8bSycsZ5ICXVMf8pEj1DQSUsw6/3H4nEdzH2+E3RZdNGPjVecQEm9kWPW7fvXvNvzT8MvZOQdk1IWoVTg==
    dependencies:
      "@aws-crypto/crc32" "3.0.0"
      "@smithy/types" "^2.9.0"
      "@smithy/util-hex-encoding" "^2.1.0"
      tslib "^2.5.0"
  
  "@smithy/fetch-http-handler@^2.4.0":
    version "2.4.0"
    resolved "https://registry.npmjs.org/@smithy/fetch-http-handler/-/fetch-http-handler-2.4.0.tgz"
    integrity sha512-fLhPNfbWG8vTcS9PsR1wjHaA54kDcSiAZKVuVAfjHleS7QDWjrCr1SDUqCB2yAc9NBLe2lIDbDL8+i9yoYhxoQ==
    dependencies:
      "@smithy/protocol-http" "^3.1.0"
      "@smithy/querystring-builder" "^2.1.0"
      "@smithy/types" "^2.9.0"
      "@smithy/util-base64" "^2.1.0"
      tslib "^2.5.0"
  
  "@smithy/hash-node@^2.1.0":
    version "2.1.0"
    resolved "https://registry.npmjs.org/@smithy/hash-node/-/hash-node-2.1.0.tgz"
    integrity sha512-/B7b6NNjw+i4PlwsrYHmxmmrTxp2oRejgZH26HhXE77XWwAiPEI9iHu7GZR9fYhm7Fsj66Z9Bk6JA9aEvUC9/w==
    dependencies:
      "@smithy/types" "^2.9.0"
      "@smithy/util-buffer-from" "^2.1.0"
      "@smithy/util-utf8" "^2.1.0"
      tslib "^2.5.0"
  
  "@smithy/invalid-dependency@^2.1.0":
    version "2.1.0"
    resolved "https://registry.npmjs.org/@smithy/invalid-dependency/-/invalid-dependency-2.1.0.tgz"
    integrity sha512-hvryGI0KChV4jMgK/kwr6U4/HaYldzjiQAZ+c//QAMDoCp0KkP0Xt94XqAkr7Uq08577mAMW5U70YCaAx+KjSQ==
    dependencies:
      "@smithy/types" "^2.9.0"
      tslib "^2.5.0"
  
  "@smithy/is-array-buffer@^2.1.0":
    version "2.1.0"
    resolved "https://registry.npmjs.org/@smithy/is-array-buffer/-/is-array-buffer-2.1.0.tgz"
    integrity sha512-XnQvn/6ie5kjFyeW94NqSjGGOdMuB2WnNmDWKHHLVMCR/Emu7B8pcAZX4k8H3tjDujXAQvfBrEgmPRq6FgqmZg==
    dependencies:
      tslib "^2.5.0"
  
  "@smithy/middleware-content-length@^2.1.0":
    version "2.1.0"
    resolved "https://registry.npmjs.org/@smithy/middleware-content-length/-/middleware-content-length-2.1.0.tgz"
    integrity sha512-XYhKZPuS8nnecdx0IGGUt1Nt2/ekoVOw1zal4c0ARRaLJEw+umFLxwHUelIeBocbdOcPCeZRE6pdk35Y2T2wpw==
    dependencies:
      "@smithy/protocol-http" "^3.1.0"
      "@smithy/types" "^2.9.0"
      tslib "^2.5.0"
  
  "@smithy/middleware-endpoint@^2.4.0":
    version "2.4.0"
    resolved "https://registry.npmjs.org/@smithy/middleware-endpoint/-/middleware-endpoint-2.4.0.tgz"
    integrity sha512-GMebLCihCxIlbPdA/l6WDpNJppIgW5OeTJkIAbqVArg1vFxZ92XhW+UwN12av5OAXswySGJ80/fpDFP7HmSyYg==
    dependencies:
      "@smithy/middleware-serde" "^2.1.0"
      "@smithy/node-config-provider" "^2.2.0"
      "@smithy/shared-ini-file-loader" "^2.3.0"
      "@smithy/types" "^2.9.0"
      "@smithy/url-parser" "^2.1.0"
      "@smithy/util-middleware" "^2.1.0"
      tslib "^2.5.0"
  
  "@smithy/middleware-retry@^2.1.0":
    version "2.1.0"
    resolved "https://registry.npmjs.org/@smithy/middleware-retry/-/middleware-retry-2.1.0.tgz"
    integrity sha512-lGEVds90hFyIAvypH58rwC6j9mrCR2ZwYbcxow7AgW6sWCCoBppz5FtLpgSg6QV/CTRh8K7w4kxGVx8LqINQBg==
    dependencies:
      "@smithy/node-config-provider" "^2.2.0"
      "@smithy/protocol-http" "^3.1.0"
      "@smithy/service-error-classification" "^2.1.0"
      "@smithy/smithy-client" "^2.3.0"
      "@smithy/types" "^2.9.0"
      "@smithy/util-middleware" "^2.1.0"
      "@smithy/util-retry" "^2.1.0"
      tslib "^2.5.0"
      uuid "^8.3.2"
  
  "@smithy/middleware-serde@^2.1.0":
    version "2.1.0"
    resolved "https://registry.npmjs.org/@smithy/middleware-serde/-/middleware-serde-2.1.0.tgz"
    integrity sha512-iysAUIDKsc354HMnYVQxMJEzNaOrQQvE86b1oSl2fRwcFqn+9TTi028a37PLFE+ccAiyVGjBjB8PBsAz9plUug==
    dependencies:
      "@smithy/types" "^2.9.0"
      tslib "^2.5.0"
  
  "@smithy/middleware-stack@^2.1.0":
    version "2.1.0"
    resolved "https://registry.npmjs.org/@smithy/middleware-stack/-/middleware-stack-2.1.0.tgz"
    integrity sha512-y5Ph/TWfO7oTfxNqKU+uAK5cFRTYeP16ReOmDweq+zQ8NQODDg7LSxsfQT4Wp0mhIvm0bt3pZp66T1YMtnihWw==
    dependencies:
      "@smithy/types" "^2.9.0"
      tslib "^2.5.0"
  
  "@smithy/node-config-provider@^2.2.0":
    version "2.2.0"
    resolved "https://registry.npmjs.org/@smithy/node-config-provider/-/node-config-provider-2.2.0.tgz"
    integrity sha512-rU82PFR32Bxo4EMGUJ2BGG+K97zUp9j6SWjG83T2itmbXwA/+DoCc4xCON8kcmdej822x1yLcSzFiTeg0b472w==
    dependencies:
      "@smithy/property-provider" "^2.1.0"
      "@smithy/shared-ini-file-loader" "^2.3.0"
      "@smithy/types" "^2.9.0"
      tslib "^2.5.0"
  
  "@smithy/node-http-handler@^2.3.0":
    version "2.3.0"
    resolved "https://registry.npmjs.org/@smithy/node-http-handler/-/node-http-handler-2.3.0.tgz"
    integrity sha512-8jcQaOdrD/X0VihhM2W/KtJ5fvKaT8UpNf/pl/epvLQ6MkAttIMaCLex6xk31BpFSPvS2+q65ZdBBjQ3cMOSiA==
    dependencies:
      "@smithy/abort-controller" "^2.1.0"
      "@smithy/protocol-http" "^3.1.0"
      "@smithy/querystring-builder" "^2.1.0"
      "@smithy/types" "^2.9.0"
      tslib "^2.5.0"
  
  "@smithy/property-provider@^2.1.0":
    version "2.1.0"
    resolved "https://registry.npmjs.org/@smithy/property-provider/-/property-provider-2.1.0.tgz"
    integrity sha512-6cpCSsgwbKHnl567SrthpqLgZ7e5jc7qPHG6wz9U2T24vcUp2yiG0vdAlH1QdTH20+/PGamKR0ZM35a08X1Tbg==
    dependencies:
      "@smithy/types" "^2.9.0"
      tslib "^2.5.0"
  
  "@smithy/protocol-http@^3.1.0":
    version "3.1.0"
    resolved "https://registry.npmjs.org/@smithy/protocol-http/-/protocol-http-3.1.0.tgz"
    integrity sha512-CGNzkKza1yUga7sv+U4gx3jbwSh5x42/9vy0E/NoR2HTFken2MuMc/bClxXAO0Z6EQoTYHHA6FMCREXwSP04lg==
    dependencies:
      "@smithy/types" "^2.9.0"
      tslib "^2.5.0"
  
  "@smithy/querystring-builder@^2.1.0":
    version "2.1.0"
    resolved "https://registry.npmjs.org/@smithy/querystring-builder/-/querystring-builder-2.1.0.tgz"
    integrity sha512-8QColSkqn9TbvpX40zW0T8IrKcLXg7Um4bczm9qIYDRPh8T873WNIOWzYBw8chI8SWizMXbsSR95PFCP/YlgYw==
    dependencies:
      "@smithy/types" "^2.9.0"
      "@smithy/util-uri-escape" "^2.1.0"
      tslib "^2.5.0"
  
  "@smithy/querystring-parser@^2.1.0":
    version "2.1.0"
    resolved "https://registry.npmjs.org/@smithy/querystring-parser/-/querystring-parser-2.1.0.tgz"
    integrity sha512-+l17LQQxelslo5CHsLXwSw2F1J6Qmf64OgByreNnLR82gHkJ91ZbMFhxZeLTo2qXxEu0uqraMc4uNw8qE9A6bw==
    dependencies:
      "@smithy/types" "^2.9.0"
      tslib "^2.5.0"
  
  "@smithy/service-error-classification@^2.1.0":
    version "2.1.0"
    resolved "https://registry.npmjs.org/@smithy/service-error-classification/-/service-error-classification-2.1.0.tgz"
    integrity sha512-yBMJk4IfYqUxsPmc8P0YtWHd/Kbd0PP+kU0dgFksH6eiE2ZQJl7478xNtkUKp2QJLcooYEbA3gBFUza6ukXMiA==
    dependencies:
      "@smithy/types" "^2.9.0"
  
  "@smithy/shared-ini-file-loader@^2.3.0":
    version "2.3.0"
    resolved "https://registry.npmjs.org/@smithy/shared-ini-file-loader/-/shared-ini-file-loader-2.3.0.tgz"
    integrity sha512-jgm7cjj0d08jIB9cp4idtpIUY590Twecv4xpijgl2IzkrPfBddzKTH4Zk+Zwfyk8ecz2T/7ihqtnNcq7Qdj9lw==
    dependencies:
      "@smithy/types" "^2.9.0"
      tslib "^2.5.0"
  
  "@smithy/signature-v4@^2.1.0":
    version "2.1.0"
    resolved "https://registry.npmjs.org/@smithy/signature-v4/-/signature-v4-2.1.0.tgz"
    integrity sha512-ONi89MBjxNtl497obaO/qGixsOedikTV3CAj3ZBPGY3IKykS8wQ2Wkctsx2T1J5B9OnynH0KuGGmgG91utX/7w==
    dependencies:
      "@smithy/eventstream-codec" "^2.1.0"
      "@smithy/is-array-buffer" "^2.1.0"
      "@smithy/types" "^2.9.0"
      "@smithy/util-hex-encoding" "^2.1.0"
      "@smithy/util-middleware" "^2.1.0"
      "@smithy/util-uri-escape" "^2.1.0"
      "@smithy/util-utf8" "^2.1.0"
      tslib "^2.5.0"
  
  "@smithy/smithy-client@^2.3.0":
    version "2.3.0"
    resolved "https://registry.npmjs.org/@smithy/smithy-client/-/smithy-client-2.3.0.tgz"
    integrity sha512-oEaLdVmHcbdK8IHQ4yE7xOYK2nSkF2xXp6nRr5NhfKB5QTKNzpNsXLiGJgfmm7j0ol1S6BhjyBhi7tZ8M0JJtg==
    dependencies:
      "@smithy/middleware-endpoint" "^2.4.0"
      "@smithy/middleware-stack" "^2.1.0"
      "@smithy/protocol-http" "^3.1.0"
      "@smithy/types" "^2.9.0"
      "@smithy/util-stream" "^2.1.0"
      tslib "^2.5.0"
  
  "@smithy/types@^2.9.0":
    version "2.9.0"
    resolved "https://registry.npmjs.org/@smithy/types/-/types-2.9.0.tgz"
    integrity sha512-ST1M87Lf2cLHRI+irEFRIHXGY08HHTAUbiRFYkmFyJdTMg3VDxkcm7DwW9/EgV3X8M6wDPrbIkx/RXONyttrQg==
    dependencies:
      tslib "^2.5.0"
  
  "@smithy/url-parser@^2.1.0":
    version "2.1.0"
    resolved "https://registry.npmjs.org/@smithy/url-parser/-/url-parser-2.1.0.tgz"
    integrity sha512-V3FMzNFCDwQNAgJdxI6Gj48qP9WAyvK59WE90hOoya3m8ey02uLDhWjZkl+505s7iTVVmJ7Mr7nKwG5vU2NIMQ==
    dependencies:
      "@smithy/querystring-parser" "^2.1.0"
      "@smithy/types" "^2.9.0"
      tslib "^2.5.0"
  
  "@smithy/util-base64@^2.1.0":
    version "2.1.0"
    resolved "https://registry.npmjs.org/@smithy/util-base64/-/util-base64-2.1.0.tgz"
    integrity sha512-zjXlHFm7S+TEDVA3j1rWGpuNDTlTxIWDqzwIfWUENT0VqCGDAdJITd8RYVjduf3u8HWMlgALkrY6B62UTESQ5w==
    dependencies:
      "@smithy/util-buffer-from" "^2.1.0"
      tslib "^2.5.0"
  
  "@smithy/util-body-length-browser@^2.1.0":
    version "2.1.0"
    resolved "https://registry.npmjs.org/@smithy/util-body-length-browser/-/util-body-length-browser-2.1.0.tgz"
    integrity sha512-fkLY8W+jXGSkymLNe9NB7u6lGflHz6w1R+a3RxLOK6UrtwU4LBLskAP5Ag/zVPUNd5tmfv3/W6cTVzk8IBJuiw==
    dependencies:
      tslib "^2.5.0"
  
  "@smithy/util-body-length-node@^2.2.0":
    version "2.2.0"
    resolved "https://registry.npmjs.org/@smithy/util-body-length-node/-/util-body-length-node-2.2.0.tgz"
    integrity sha512-ZLsqYH+s71y6Oc2Auws6zYI4LzsSi6N8+W+Gq7CwXaZm7QIKGiCeEunEwxo50OGAqJs0g6F9kCIwNxhlK1s4Aw==
    dependencies:
      tslib "^2.5.0"
  
  "@smithy/util-buffer-from@^2.1.0":
    version "2.1.0"
    resolved "https://registry.npmjs.org/@smithy/util-buffer-from/-/util-buffer-from-2.1.0.tgz"
    integrity sha512-3w7AM0moGyBmr9gMBGE7+pqG3cjboRvmMyRhpesbJoOUHO0BV1Qrk00M/wQ3EHJAQXM3dehQfFNUf7sR6nT6+Q==
    dependencies:
      "@smithy/is-array-buffer" "^2.1.0"
      tslib "^2.5.0"
  
  "@smithy/util-config-provider@^2.2.0":
    version "2.2.0"
    resolved "https://registry.npmjs.org/@smithy/util-config-provider/-/util-config-provider-2.2.0.tgz"
    integrity sha512-D3Gx0BWXjsn1E25ikUt0+yc8oZnViTa5IHZ1JvD9J1NyyVS4c3IgHqbG64XRverEMnhzUb0EhqMTwQTY12in+w==
    dependencies:
      tslib "^2.5.0"
  
  "@smithy/util-defaults-mode-browser@^2.1.0":
    version "2.1.0"
    resolved "https://registry.npmjs.org/@smithy/util-defaults-mode-browser/-/util-defaults-mode-browser-2.1.0.tgz"
    integrity sha512-zmXL4aKeBGBz02kDZdks2QfG+HGq99Tp4/ICPmu2OvSbwTOLjmlCnUrtZJTmLhX4etP3o0voOL9gFEa2PSjlJg==
    dependencies:
      "@smithy/property-provider" "^2.1.0"
      "@smithy/smithy-client" "^2.3.0"
      "@smithy/types" "^2.9.0"
      bowser "^2.11.0"
      tslib "^2.5.0"
  
  "@smithy/util-defaults-mode-node@^2.1.0":
    version "2.1.0"
    resolved "https://registry.npmjs.org/@smithy/util-defaults-mode-node/-/util-defaults-mode-node-2.1.0.tgz"
    integrity sha512-pVBaw2fBJMjjJj+AR69xQhjzYLZ5u9azdKyaAAjR16dthdBOcnczBClBVCfhb/Moj0ivIHnaXJ5AXCdbDok94g==
    dependencies:
      "@smithy/config-resolver" "^2.1.0"
      "@smithy/credential-provider-imds" "^2.2.0"
      "@smithy/node-config-provider" "^2.2.0"
      "@smithy/property-provider" "^2.1.0"
      "@smithy/smithy-client" "^2.3.0"
      "@smithy/types" "^2.9.0"
      tslib "^2.5.0"
  
  "@smithy/util-endpoints@^1.1.0":
    version "1.1.0"
    resolved "https://registry.npmjs.org/@smithy/util-endpoints/-/util-endpoints-1.1.0.tgz"
    integrity sha512-gKzfdj5pyEOg1fVOsZVpVPRWAXbWqt9JgZdwU4cjKlJ57Fuccfk0ui5twh1TYvuJWtR2Tw3GwUmUuBM3qRWJJg==
    dependencies:
      "@smithy/node-config-provider" "^2.2.0"
      "@smithy/types" "^2.9.0"
      tslib "^2.5.0"
  
  "@smithy/util-hex-encoding@^2.1.0":
    version "2.1.0"
    resolved "https://registry.npmjs.org/@smithy/util-hex-encoding/-/util-hex-encoding-2.1.0.tgz"
    integrity sha512-haxSIaBxn3p/lK+bEyqC32myHffacBLD61/HHzBGcG1Vo8dFTm5y0vhdR5R4wakW7H8Tr/czx+uckDOWZ1Km9Q==
    dependencies:
      tslib "^2.5.0"
  
  "@smithy/util-middleware@^2.1.0":
    version "2.1.0"
    resolved "https://registry.npmjs.org/@smithy/util-middleware/-/util-middleware-2.1.0.tgz"
    integrity sha512-bKfhAsdjRyGmYDsJUW5hPsL3qofgPgLPsuV+V6nNGyD/kjMobwstiIpA3ddGFT+XDwVOIUHElg7I06/wOpwKiQ==
    dependencies:
      "@smithy/types" "^2.9.0"
      tslib "^2.5.0"
  
  "@smithy/util-retry@^2.1.0":
    version "2.1.0"
    resolved "https://registry.npmjs.org/@smithy/util-retry/-/util-retry-2.1.0.tgz"
    integrity sha512-igJw+/olhAUtocMbEMBjy8SKRTHfefS+qcgmMUVEBLFgLjqMfpc8EDVB1BebNBQ1rre5yLDbi2UHUz48eZNkPQ==
    dependencies:
      "@smithy/service-error-classification" "^2.1.0"
      "@smithy/types" "^2.9.0"
      tslib "^2.5.0"
  
  "@smithy/util-stream@^2.1.0":
    version "2.1.0"
    resolved "https://registry.npmjs.org/@smithy/util-stream/-/util-stream-2.1.0.tgz"
    integrity sha512-lcw9JVXLHvRawaXnfxdnGRw5pQM5c9XMEkBuMec+fIhGuPHIezqhQq7oO0jJcj0xwupJzW6HAvinktr9ozdKyg==
    dependencies:
      "@smithy/fetch-http-handler" "^2.4.0"
      "@smithy/node-http-handler" "^2.3.0"
      "@smithy/types" "^2.9.0"
      "@smithy/util-base64" "^2.1.0"
      "@smithy/util-buffer-from" "^2.1.0"
      "@smithy/util-hex-encoding" "^2.1.0"
      "@smithy/util-utf8" "^2.1.0"
      tslib "^2.5.0"
  
  "@smithy/util-uri-escape@^2.1.0":
    version "2.1.0"
    resolved "https://registry.npmjs.org/@smithy/util-uri-escape/-/util-uri-escape-2.1.0.tgz"
    integrity sha512-ZHYFGyF9o/MHGMGtsHfkxnn2DhGRZlDIFGNgipu4K3x8jMEVahQ+tGnlkFVMM2QrSQHCcjICbBTJ5JEgaD5+Jg==
    dependencies:
      tslib "^2.5.0"
  
  "@smithy/util-utf8@^2.1.0":
    version "2.1.0"
    resolved "https://registry.npmjs.org/@smithy/util-utf8/-/util-utf8-2.1.0.tgz"
    integrity sha512-RnNNedYLpsNPQocMhr0nGEz0mGKdzI5dBi0h7vvmimULtBlyElgX1/hXozlkurIgx8R3bSy14/oRtmDsFClifg==
    dependencies:
      "@smithy/util-buffer-from" "^2.1.0"
      tslib "^2.5.0"
  
  "@types/node@*":
    version "20.11.0"
    resolved "https://registry.npmjs.org/@types/node/-/node-20.11.0.tgz"
    integrity sha512-o9bjXmDNcF7GbM4CNQpmi+TutCgap/K3w1JyKgxAjqx41zp9qlIAVFi0IhCNsJcXolEqLWhbFbEeL0PvYm4pcQ==
    dependencies:
      undici-types "~5.26.4"
  
  "@types/webidl-conversions@*":
    version "7.0.3"
    resolved "https://registry.npmjs.org/@types/webidl-conversions/-/webidl-conversions-7.0.3.tgz"
    integrity sha512-CiJJvcRtIgzadHCYXw7dqEnMNRjhGZlYK05Mj9OyktqV8uVT8fD2BFOB7S1uwBE3Kj2Z+4UyPmFw/Ixgw/LAlA==
  
  "@types/whatwg-url@^8.2.1":
    version "8.2.2"
    resolved "https://registry.npmjs.org/@types/whatwg-url/-/whatwg-url-8.2.2.tgz"
    integrity sha512-FtQu10RWgn3D9U4aazdwIE2yzphmTJREDqNdODHrbrZmmMqI0vMheC/6NE/J1Yveaj8H+ela+YwWTjq5PGmuhA==
    dependencies:
      "@types/node" "*"
      "@types/webidl-conversions" "*"
  
  abbrev@1:
    version "1.1.1"
    resolved "https://registry.npmjs.org/abbrev/-/abbrev-1.1.1.tgz"
    integrity sha512-nne9/IiQ/hzIhY6pdDnbBtz7DjPTKrY00P/zvPSm5pOFkl6xuGrGnXn/VtTNNfNtAfZ9/1RtehkszU9qcTii0Q==
  
  accepts@~1.3.8:
    version "1.3.8"
    resolved "https://registry.npmjs.org/accepts/-/accepts-1.3.8.tgz"
    integrity sha512-PYAthTa2m2VKxuvSD3DPC/Gy+U+sOA1LAuT8mkmRuvw+NACSaeXEQ+NHcVF7rONl6qcaxV3Uuemwawk+7+SJLw==
    dependencies:
      mime-types "~2.1.34"
      negotiator "0.6.3"
  
  agent-base@6:
    version "6.0.2"
    resolved "https://registry.npmjs.org/agent-base/-/agent-base-6.0.2.tgz"
    integrity sha512-RZNwNclF7+MS/8bDg70amg32dyeZGZxiDuQmZxKLAlQjr3jGyLx+4Kkk58UO7D2QdgFIQCovuSuZESne6RG6XQ==
    dependencies:
      debug "4"
  
  ansi-regex@^5.0.1:
    version "5.0.1"
    resolved "https://registry.npmjs.org/ansi-regex/-/ansi-regex-5.0.1.tgz"
    integrity sha512-quJQXlTSUGL2LH9SUXo8VwsY4soanhgo6LNSm84E1LBcE8s3O0wpdiRzyR9z/ZZJMlMWv37qOOb9pdJlMUEKFQ==
  
  anymatch@~3.1.2:
    version "3.1.3"
    resolved "https://registry.npmjs.org/anymatch/-/anymatch-3.1.3.tgz"
    integrity sha512-KMReFUr0B4t+D+OBkjR3KYqvocp2XaSzO55UcB6mgQMd3KbcE+mWTyvVV7D/zsdEbNnV6acZUutkiHQXvTr1Rw==
    dependencies:
      normalize-path "^3.0.0"
      picomatch "^2.0.4"
  
  "aproba@^1.0.3 || ^2.0.0":
    version "2.0.0"
    resolved "https://registry.npmjs.org/aproba/-/aproba-2.0.0.tgz"
    integrity sha512-lYe4Gx7QT+MKGbDsA+Z+he/Wtef0BiwDOlK/XkBrdfsh9J/jPPXbX0tE9x9cl27Tmu5gg3QUbUrQYa/y+KOHPQ==
  
  are-we-there-yet@^2.0.0:
    version "2.0.0"
    resolved "https://registry.npmjs.org/are-we-there-yet/-/are-we-there-yet-2.0.0.tgz"
    integrity sha512-Ci/qENmwHnsYo9xKIcUJN5LeDKdJ6R1Z1j9V/J5wyq8nh/mYPEpIKJbBZXtZjG04HiK7zV/p6Vs9952MrMeUIw==
    dependencies:
      delegates "^1.0.0"
      readable-stream "^3.6.0"
  
  array-flatten@1.1.1:
    version "1.1.1"
    resolved "https://registry.npmjs.org/array-flatten/-/array-flatten-1.1.1.tgz"
    integrity sha512-PCVAQswWemu6UdxsDFFX/+gVeYqKAod3D3UVm91jHwynguOwAvYPhx8nNlM++NqRcK6CxxpUafjmhIdKiHibqg==
  
  balanced-match@^1.0.0:
    version "1.0.2"
    resolved "https://registry.npmjs.org/balanced-match/-/balanced-match-1.0.2.tgz"
    integrity sha512-3oSeUO0TMV67hN1AmbXsK4yaqU7tjiHlbxRDZOpH0KW9+CeX4bRAaX0Anxt0tx2MrpRpWwQaPwIlISEJhYU5Pw==
  
  base64-js@^1.3.1:
    version "1.5.1"
    resolved "https://registry.npmjs.org/base64-js/-/base64-js-1.5.1.tgz"
    integrity sha512-AKpaYlHn8t4SVbOHCy+b5+KKgvR4vrsD8vbvrbiQJps7fKDTkjkDry6ji0rUJjC0kzbNePLwzxq8iypo41qeWA==
  
  bcrypt@^5.1.0:
    version "5.1.1"
    resolved "https://registry.npmjs.org/bcrypt/-/bcrypt-5.1.1.tgz"
    integrity sha512-AGBHOG5hPYZ5Xl9KXzU5iKq9516yEmvCKDg3ecP5kX2aB6UqTeXZxk2ELnDgDm6BQSMlLt9rDB4LoSMx0rYwww==
    dependencies:
      "@mapbox/node-pre-gyp" "^1.0.11"
      node-addon-api "^5.0.0"
  
  binary-extensions@^2.0.0:
    version "2.2.0"
    resolved "https://registry.npmjs.org/binary-extensions/-/binary-extensions-2.2.0.tgz"
    integrity sha512-jDctJ/IVQbZoJykoeHbhXpOlNBqGNcwXJKJog42E5HDPUwQTSdjCHdihjj0DlnheQ7blbT6dHOafNAiS8ooQKA==
  
  body-parser@^1.20.1:
    version "1.20.2"
    resolved "https://registry.npmjs.org/body-parser/-/body-parser-1.20.2.tgz"
    integrity sha512-ml9pReCu3M61kGlqoTm2umSXTlRTuGTx0bfYj+uIUKKYycG5NtSbeetV3faSU6R7ajOPw0g/J1PvK4qNy7s5bA==
    dependencies:
      bytes "3.1.2"
      content-type "~1.0.5"
      debug "2.6.9"
      depd "2.0.0"
      destroy "1.2.0"
      http-errors "2.0.0"
      iconv-lite "0.4.24"
      on-finished "2.4.1"
      qs "6.11.0"
      raw-body "2.5.2"
      type-is "~1.6.18"
      unpipe "1.0.0"
  
  body-parser@1.20.1:
    version "1.20.1"
    resolved "https://registry.npmjs.org/body-parser/-/body-parser-1.20.1.tgz"
    integrity sha512-jWi7abTbYwajOytWCQc37VulmWiRae5RyTpaCyDcS5/lMdtwSz5lOpDE67srw/HYe35f1z3fDQw+3txg7gNtWw==
    dependencies:
      bytes "3.1.2"
      content-type "~1.0.4"
      debug "2.6.9"
      depd "2.0.0"
      destroy "1.2.0"
      http-errors "2.0.0"
      iconv-lite "0.4.24"
      on-finished "2.4.1"
      qs "6.11.0"
      raw-body "2.5.1"
      type-is "~1.6.18"
      unpipe "1.0.0"
  
  bowser@^2.11.0:
    version "2.11.0"
    resolved "https://registry.npmjs.org/bowser/-/bowser-2.11.0.tgz"
    integrity sha512-AlcaJBi/pqqJBIQ8U9Mcpc9i8Aqxn88Skv5d+xBX006BY5u8N3mGLHa5Lgppa7L/HfwgwLgZ6NYs+Ag6uUmJRA==
  
  brace-expansion@^1.1.7:
    version "1.1.11"
    resolved "https://registry.npmjs.org/brace-expansion/-/brace-expansion-1.1.11.tgz"
    integrity sha512-iCuPHDFgrHX7H2vEI/5xpz07zSHB00TpugqhmYtVmMO6518mCuRMoOYFldEBl0g187ufozdaHgWKcYFb61qGiA==
    dependencies:
      balanced-match "^1.0.0"
      concat-map "0.0.1"
  
  braces@~3.0.2:
    version "3.0.2"
    resolved "https://registry.npmjs.org/braces/-/braces-3.0.2.tgz"
    integrity sha512-b8um+L1RzM3WDSzvhm6gIz1yfTbBt6YTlcEKAvsmqCZZFw46z626lVj9j1yEPW33H5H+lBQpZMP1k8l+78Ha0A==
    dependencies:
      fill-range "^7.0.1"
  
  bson@^4.7.2:
    version "4.7.2"
    resolved "https://registry.npmjs.org/bson/-/bson-4.7.2.tgz"
    integrity sha512-Ry9wCtIZ5kGqkJoi6aD8KjxFZEx78guTQDnpXWiNthsxzrxAK/i8E6pCHAIZTbaEFWcOCvbecMukfK7XUvyLpQ==
    dependencies:
      buffer "^5.6.0"
  
  buffer-equal-constant-time@1.0.1:
    version "1.0.1"
    resolved "https://registry.npmjs.org/buffer-equal-constant-time/-/buffer-equal-constant-time-1.0.1.tgz"
    integrity sha512-zRpUiDwd/xk6ADqPMATG8vc9VPrkck7T07OIx0gnjmJAnHnTVXNQG3vfvWNuiZIkwu9KrKdA1iJKfsfTVxE6NA==
  
  buffer@^5.6.0:
    version "5.7.1"
    resolved "https://registry.npmjs.org/buffer/-/buffer-5.7.1.tgz"
    integrity sha512-EHcyIPBQ4BSGlvjB16k5KgAJ27CIsHY/2JBmCRReo48y9rQ3MaUzWX3KVlBa4U7MyX02HdVj0K7C3WaB3ju7FQ==
    dependencies:
      base64-js "^1.3.1"
      ieee754 "^1.1.13"
  
  bytes@3.1.2:
    version "3.1.2"
    resolved "https://registry.npmjs.org/bytes/-/bytes-3.1.2.tgz"
    integrity sha512-/Nf7TyzTx6S3yRJObOAV7956r8cr2+Oj8AC5dt8wSP3BQAoeX58NoHyCU8P8zGkNXStjTSi6fzO6F0pBdcYbEg==
  
  call-bind@^1.0.0:
    version "1.0.5"
    resolved "https://registry.npmjs.org/call-bind/-/call-bind-1.0.5.tgz"
    integrity sha512-C3nQxfFZxFRVoJoGKKI8y3MOEo129NQ+FgQ08iye+Mk4zNZZGdjfs06bVTr+DBSlA66Q2VEcMki/cUCP4SercQ==
    dependencies:
      function-bind "^1.1.2"
      get-intrinsic "^1.2.1"
      set-function-length "^1.1.1"
  
  chokidar@^3.5.2:
    version "3.5.3"
    resolved "https://registry.npmjs.org/chokidar/-/chokidar-3.5.3.tgz"
    integrity sha512-Dr3sfKRP6oTcjf2JmUmFJfeVMvXBdegxB0iVQ5eb2V10uFJUCAS8OByZdVAyVb8xXNz3GjjTgj9kLWsZTqE6kw==
    dependencies:
      anymatch "~3.1.2"
      braces "~3.0.2"
      glob-parent "~5.1.2"
      is-binary-path "~2.1.0"
      is-glob "~4.0.1"
      normalize-path "~3.0.0"
      readdirp "~3.6.0"
    optionalDependencies:
      fsevents "~2.3.2"
  
  chownr@^2.0.0:
    version "2.0.0"
    resolved "https://registry.npmjs.org/chownr/-/chownr-2.0.0.tgz"
    integrity sha512-bIomtDF5KGpdogkLd9VspvFzk9KfpyyGlS8YFVZl7TGPBHL5snIOnxeshwVgPteQ9b4Eydl+pVbIyE1DcvCWgQ==
  
  color-support@^1.1.2:
    version "1.1.3"
    resolved "https://registry.npmjs.org/color-support/-/color-support-1.1.3.tgz"
    integrity sha512-qiBjkpbMLO/HL68y+lh4q0/O1MZFj2RX6X/KmMa3+gJD3z+WwI1ZzDHysvqHGS3mP6mznPckpXmw1nI9cJjyRg==
  
  concat-map@0.0.1:
    version "0.0.1"
    resolved "https://registry.npmjs.org/concat-map/-/concat-map-0.0.1.tgz"
    integrity sha512-/Srv4dswyQNBfohGpz9o6Yb3Gz3SrUDqBH5rTuhGR7ahtlbYKnVxw2bCFMRljaA7EXHaXZ8wsHdodFvbkhKmqg==
  
  console-control-strings@^1.0.0, console-control-strings@^1.1.0:
    version "1.1.0"
    resolved "https://registry.npmjs.org/console-control-strings/-/console-control-strings-1.1.0.tgz"
    integrity sha512-ty/fTekppD2fIwRvnZAVdeOiGd1c7YXEixbgJTNzqcxJWKQnjJ/V1bNEEE6hygpM3WjwHFUVK6HTjWSzV4a8sQ==
  
  content-disposition@0.5.4:
    version "0.5.4"
    resolved "https://registry.npmjs.org/content-disposition/-/content-disposition-0.5.4.tgz"
    integrity sha512-FveZTNuGw04cxlAiWbzi6zTAL/lhehaWbTtgluJh4/E95DqMwTmha3KZN1aAWA8cFIhHzMZUvLevkw5Rqk+tSQ==
    dependencies:
      safe-buffer "5.2.1"
  
  content-type@~1.0.4, content-type@~1.0.5:
    version "1.0.5"
    resolved "https://registry.npmjs.org/content-type/-/content-type-1.0.5.tgz"
    integrity sha512-nTjqfcBFEipKdXCv4YDQWCfmcLZKm81ldF0pAopTvyrFGVbcR6P/VAAd5G7N+0tTr8QqiU0tFadD6FK4NtJwOA==
  
  cookie-signature@1.0.6:
    version "1.0.6"
    resolved "https://registry.npmjs.org/cookie-signature/-/cookie-signature-1.0.6.tgz"
    integrity sha512-QADzlaHc8icV8I7vbaJXJwod9HWYp8uCqf1xa4OfNu1T7JVxQIrUgOWtHdNDtPiywmFbiS12VjotIXLrKM3orQ==
  
  cookie@0.5.0:
    version "0.5.0"
    resolved "https://registry.npmjs.org/cookie/-/cookie-0.5.0.tgz"
    integrity sha512-YZ3GUyn/o8gfKJlnlX7g7xq4gyO6OSuhGPKaaGssGB2qgDUS0gPgtTvoyZLTt9Ab6dC4hfc9dV5arkvc/OCmrw==
  
  debug@^4:
    version "4.3.4"
    resolved "https://registry.npmjs.org/debug/-/debug-4.3.4.tgz"
    integrity sha512-PRWFHuSU3eDtQJPvnNY7Jcket1j0t5OuOsFzPPzsekD52Zl8qUfFIPEiswXqIvHWGVHOgX+7G/vCNNhehwxfkQ==
    dependencies:
      ms "2.1.2"
  
  debug@2.6.9:
    version "2.6.9"
    resolved "https://registry.npmjs.org/debug/-/debug-2.6.9.tgz"
    integrity sha512-bC7ElrdJaJnPbAP+1EotYvqZsb3ecl5wi6Bfi6BJTUcNowp6cvspg0jXznRTKDjm/E7AdgFBVeAPVMNcKGsHMA==
    dependencies:
      ms "2.0.0"
  
  debug@4:
    version "4.3.4"
    resolved "https://registry.npmjs.org/debug/-/debug-4.3.4.tgz"
    integrity sha512-PRWFHuSU3eDtQJPvnNY7Jcket1j0t5OuOsFzPPzsekD52Zl8qUfFIPEiswXqIvHWGVHOgX+7G/vCNNhehwxfkQ==
    dependencies:
      ms "2.1.2"
  
  debug@4.x:
    version "4.3.4"
    resolved "https://registry.npmjs.org/debug/-/debug-4.3.4.tgz"
    integrity sha512-PRWFHuSU3eDtQJPvnNY7Jcket1j0t5OuOsFzPPzsekD52Zl8qUfFIPEiswXqIvHWGVHOgX+7G/vCNNhehwxfkQ==
    dependencies:
      ms "2.1.2"
  
  define-data-property@^1.1.1:
    version "1.1.1"
    resolved "https://registry.npmjs.org/define-data-property/-/define-data-property-1.1.1.tgz"
    integrity sha512-E7uGkTzkk1d0ByLeSc6ZsFS79Axg+m1P/VsgYsxHgiuc3tFSj+MjMIwe90FC4lOAZzNBdY7kkO2P2wKdsQ1vgQ==
    dependencies:
      get-intrinsic "^1.2.1"
      gopd "^1.0.1"
      has-property-descriptors "^1.0.0"
  
  delegates@^1.0.0:
    version "1.0.0"
    resolved "https://registry.npmjs.org/delegates/-/delegates-1.0.0.tgz"
    integrity sha512-bd2L678uiWATM6m5Z1VzNCErI3jiGzt6HGY8OVICs40JQq/HALfbyNJmp0UDakEY4pMMaN0Ly5om/B1VI/+xfQ==
  
  depd@2.0.0:
    version "2.0.0"
    resolved "https://registry.npmjs.org/depd/-/depd-2.0.0.tgz"
    integrity sha512-g7nH6P6dyDioJogAAGprGpCtVImJhpPk/roCzdb3fIh61/s/nPsfR6onyMwkCAR/OlC3yBC0lESvUoQEAssIrw==
  
  destroy@1.2.0:
    version "1.2.0"
    resolved "https://registry.npmjs.org/destroy/-/destroy-1.2.0.tgz"
    integrity sha512-2sJGJTaXIIaR1w4iJSNoN0hnMY7Gpc/n8D4qSCJw8QqFWXf7cuAgnEHxBpweaVcPevC2l3KpjYCx3NypQQgaJg==
  
  detect-libc@^2.0.0:
    version "2.0.2"
    resolved "https://registry.npmjs.org/detect-libc/-/detect-libc-2.0.2.tgz"
    integrity sha512-UX6sGumvvqSaXgdKGUsgZWqcUyIXZ/vZTrlRT/iobiKhGL0zL4d3osHj3uqllWJK+i+sixDS/3COVEOFbupFyw==
  
  dotenv@^16.0.3:
    version "16.3.1"
    resolved "https://registry.npmjs.org/dotenv/-/dotenv-16.3.1.tgz"
    integrity sha512-IPzF4w4/Rd94bA9imS68tZBaYyBWSCE47V1RGuMrB94iyTOIEwRmVL2x/4An+6mETpLrKJ5hQkB8W4kFAadeIQ==
  
  ecdsa-sig-formatter@1.0.11:
    version "1.0.11"
    resolved "https://registry.npmjs.org/ecdsa-sig-formatter/-/ecdsa-sig-formatter-1.0.11.tgz"
    integrity sha512-nagl3RYrbNv6kQkeJIpt6NJZy8twLB/2vtz6yN9Z4vRKHN4/QZJIEbqohALSgwKdnksuY3k5Addp5lg8sVoVcQ==
    dependencies:
      safe-buffer "^5.0.1"
  
  ee-first@1.1.1:
    version "1.1.1"
    resolved "https://registry.npmjs.org/ee-first/-/ee-first-1.1.1.tgz"
    integrity sha512-WMwm9LhRUo+WUaRN+vRuETqG89IgZphVSNkdFgeb6sS/E4OrDIN7t48CAewSHXc6C8lefD8KKfr5vY61brQlow==
  
  emoji-regex@^8.0.0:
    version "8.0.0"
    resolved "https://registry.npmjs.org/emoji-regex/-/emoji-regex-8.0.0.tgz"
    integrity sha512-MSjYzcWNOA0ewAHpz0MxpYFvwg6yjy1NG3xteoqz644VCo/RPgnr1/GGt+ic3iJTzQ8Eu3TdM14SawnVUmGE6A==
  
  encodeurl@~1.0.2:
    version "1.0.2"
    resolved "https://registry.npmjs.org/encodeurl/-/encodeurl-1.0.2.tgz"
    integrity sha512-TPJXq8JqFaVYm2CWmPvnP2Iyo4ZSM7/QKcSmuMLDObfpH5fi7RUGmd/rTDf+rut/saiDiQEeVTNgAmJEdAOx0w==
  
  escape-html@~1.0.3:
    version "1.0.3"
    resolved "https://registry.npmjs.org/escape-html/-/escape-html-1.0.3.tgz"
    integrity sha512-NiSupZ4OeuGwr68lGIeym/ksIZMJodUGOSCZ/FSnTxcrekbvqrgdUxlJOMpijaKZVjAJrWrGs/6Jy8OMuyj9ow==
  
  etag@~1.8.1:
    version "1.8.1"
    resolved "https://registry.npmjs.org/etag/-/etag-1.8.1.tgz"
    integrity sha512-aIL5Fx7mawVa300al2BnEE4iNvo1qETxLrPI/o05L7z6go7fCw1J6EQmbK4FmJ2AS7kgVF/KEZWufBfdClMcPg==
  
  express-async-handler@^1.2.0:
    version "1.2.0"
    resolved "https://registry.npmjs.org/express-async-handler/-/express-async-handler-1.2.0.tgz"
    integrity sha512-rCSVtPXRmQSW8rmik/AIb2P0op6l7r1fMW538yyvTMltCO4xQEWMmobfrIxN2V1/mVrgxB8Az3reYF6yUZw37w==
  
  express@^4.18.2:
    version "4.18.2"
    resolved "https://registry.npmjs.org/express/-/express-4.18.2.tgz"
    integrity sha512-5/PsL6iGPdfQ/lKM1UuielYgv3BUoJfz1aUwU9vHZ+J7gyvwdQXFEBIEIaxeGf0GIcreATNyBExtalisDbuMqQ==
    dependencies:
      accepts "~1.3.8"
      array-flatten "1.1.1"
      body-parser "1.20.1"
      content-disposition "0.5.4"
      content-type "~1.0.4"
      cookie "0.5.0"
      cookie-signature "1.0.6"
      debug "2.6.9"
      depd "2.0.0"
      encodeurl "~1.0.2"
      escape-html "~1.0.3"
      etag "~1.8.1"
      finalhandler "1.2.0"
      fresh "0.5.2"
      http-errors "2.0.0"
      merge-descriptors "1.0.1"
      methods "~1.1.2"
      on-finished "2.4.1"
      parseurl "~1.3.3"
      path-to-regexp "0.1.7"
      proxy-addr "~2.0.7"
      qs "6.11.0"
      range-parser "~1.2.1"
      safe-buffer "5.2.1"
      send "0.18.0"
      serve-static "1.15.0"
      setprototypeof "1.2.0"
      statuses "2.0.1"
      type-is "~1.6.18"
      utils-merge "1.0.1"
      vary "~1.1.2"
  
  fast-xml-parser@4.2.5:
    version "4.2.5"
    resolved "https://registry.npmjs.org/fast-xml-parser/-/fast-xml-parser-4.2.5.tgz"
    integrity sha512-B9/wizE4WngqQftFPmdaMYlXoJlJOYxGQOanC77fq9k8+Z0v5dDSVh+3glErdIROP//s/jgb7ZuxKfB8nVyo0g==
    dependencies:
      strnum "^1.0.5"
  
  fill-range@^7.0.1:
    version "7.0.1"
    resolved "https://registry.npmjs.org/fill-range/-/fill-range-7.0.1.tgz"
    integrity sha512-qOo9F+dMUmC2Lcb4BbVvnKJxTPjCm+RRpe4gDuGrzkL7mEVl/djYSu2OdQ2Pa302N4oqkSg9ir6jaLWJ2USVpQ==
    dependencies:
      to-regex-range "^5.0.1"
  
  finalhandler@1.2.0:
    version "1.2.0"
    resolved "https://registry.npmjs.org/finalhandler/-/finalhandler-1.2.0.tgz"
    integrity sha512-5uXcUVftlQMFnWC9qu/svkWv3GTd2PfUhK/3PLkYNAe7FbqJMt3515HaxE6eRL74GdsriiwujiawdaB1BpEISg==
    dependencies:
      debug "2.6.9"
      encodeurl "~1.0.2"
      escape-html "~1.0.3"
      on-finished "2.4.1"
      parseurl "~1.3.3"
      statuses "2.0.1"
      unpipe "~1.0.0"
  
  forwarded@0.2.0:
    version "0.2.0"
    resolved "https://registry.npmjs.org/forwarded/-/forwarded-0.2.0.tgz"
    integrity sha512-buRG0fpBtRHSTCOASe6hD258tEubFoRLb4ZNA6NxMVHNw2gOcwHo9wyablzMzOA5z9xA9L1KNjk/Nt6MT9aYow==
  
  fresh@0.5.2:
    version "0.5.2"
    resolved "https://registry.npmjs.org/fresh/-/fresh-0.5.2.tgz"
    integrity sha512-zJ2mQYM18rEFOudeV4GShTGIQ7RbzA7ozbU9I/XBpm7kqgMywgmylMwXHxZJmkVoYkna9d2pVXVXPdYTP9ej8Q==
  
  fs-minipass@^2.0.0:
    version "2.1.0"
    resolved "https://registry.npmjs.org/fs-minipass/-/fs-minipass-2.1.0.tgz"
    integrity sha512-V/JgOLFCS+R6Vcq0slCuaeWEdNC3ouDlJMNIsacH2VtALiu9mV4LPrHc5cDl8k5aw6J8jwgWWpiTo5RYhmIzvg==
    dependencies:
      minipass "^3.0.0"
  
  fs.realpath@^1.0.0:
    version "1.0.0"
    resolved "https://registry.npmjs.org/fs.realpath/-/fs.realpath-1.0.0.tgz"
    integrity sha512-OO0pH2lK6a0hZnAdau5ItzHPI6pUlvI7jMVnxUQRtw4owF2wk8lOSabtGDCTP4Ggrg2MbGnWO9X8K1t4+fGMDw==
  
  function-bind@^1.1.2:
    version "1.1.2"
    resolved "https://registry.npmjs.org/function-bind/-/function-bind-1.1.2.tgz"
    integrity sha512-7XHNxH7qX9xG5mIwxkhumTox/MIRNcOgDrxWsMt2pAr23WHp6MrRlN7FBSFpCpr+oVO0F744iUgR82nJMfG2SA==
  
  gauge@^3.0.0:
    version "3.0.2"
    resolved "https://registry.npmjs.org/gauge/-/gauge-3.0.2.tgz"
    integrity sha512-+5J6MS/5XksCuXq++uFRsnUd7Ovu1XenbeuIuNRJxYWjgQbPuFhT14lAvsWfqfAmnwluf1OwMjz39HjfLPci0Q==
    dependencies:
      aproba "^1.0.3 || ^2.0.0"
      color-support "^1.1.2"
      console-control-strings "^1.0.0"
      has-unicode "^2.0.1"
      object-assign "^4.1.1"
      signal-exit "^3.0.0"
      string-width "^4.2.3"
      strip-ansi "^6.0.1"
      wide-align "^1.1.2"
  
  get-intrinsic@^1.0.2, get-intrinsic@^1.1.3, get-intrinsic@^1.2.1, get-intrinsic@^1.2.2:
    version "1.2.2"
    resolved "https://registry.npmjs.org/get-intrinsic/-/get-intrinsic-1.2.2.tgz"
    integrity sha512-0gSo4ml/0j98Y3lngkFEot/zhiCeWsbYIlZ+uZOVgzLyLaUw7wxUL+nCTP0XJvJg1AXulJRI3UJi8GsbDuxdGA==
    dependencies:
      function-bind "^1.1.2"
      has-proto "^1.0.1"
      has-symbols "^1.0.3"
      hasown "^2.0.0"
  
  glob-parent@~5.1.2:
    version "5.1.2"
    resolved "https://registry.npmjs.org/glob-parent/-/glob-parent-5.1.2.tgz"
    integrity sha512-AOIgSQCepiJYwP3ARnGx+5VnTu2HBYdzbGP45eLw1vr3zB3vZLeyed1sC9hnbcOc9/SrMyM5RPQrkGz4aS9Zow==
    dependencies:
      is-glob "^4.0.1"
  
  glob@^7.1.3:
    version "7.2.3"
    resolved "https://registry.npmjs.org/glob/-/glob-7.2.3.tgz"
    integrity sha512-nFR0zLpU2YCaRxwoCJvL6UvCH2JFyFVIvwTLsIf21AuHlMskA1hhTdk+LlYJtOlYt9v6dvszD2BGRqBL+iQK9Q==
    dependencies:
      fs.realpath "^1.0.0"
      inflight "^1.0.4"
      inherits "2"
      minimatch "^3.1.1"
      once "^1.3.0"
      path-is-absolute "^1.0.0"
  
  gopd@^1.0.1:
    version "1.0.1"
    resolved "https://registry.npmjs.org/gopd/-/gopd-1.0.1.tgz"
    integrity sha512-d65bNlIadxvpb/A2abVdlqKqV563juRnZ1Wtk6s1sIR8uNsXR70xqIzVqxVf1eTqDunwT2MkczEeaezCKTZhwA==
    dependencies:
      get-intrinsic "^1.1.3"
  
  has-flag@^3.0.0:
    version "3.0.0"
    resolved "https://registry.npmjs.org/has-flag/-/has-flag-3.0.0.tgz"
    integrity sha512-sKJf1+ceQBr4SMkvQnBDNDtf4TXpVhVGateu0t918bl30FnbE2m4vNLX+VWe/dpjlb+HugGYzW7uQXH98HPEYw==
  
  has-property-descriptors@^1.0.0:
    version "1.0.1"
    resolved "https://registry.npmjs.org/has-property-descriptors/-/has-property-descriptors-1.0.1.tgz"
    integrity sha512-VsX8eaIewvas0xnvinAe9bw4WfIeODpGYikiWYLH+dma0Jw6KHYqWiWfhQlgOVK8D6PvjubK5Uc4P0iIhIcNVg==
    dependencies:
      get-intrinsic "^1.2.2"
  
  has-proto@^1.0.1:
    version "1.0.1"
    resolved "https://registry.npmjs.org/has-proto/-/has-proto-1.0.1.tgz"
    integrity sha512-7qE+iP+O+bgF9clE5+UoBFzE65mlBiVj3tKCrlNQ0Ogwm0BjpT/gK4SlLYDMybDh5I3TCTKnPPa0oMG7JDYrhg==
  
  has-symbols@^1.0.3:
    version "1.0.3"
    resolved "https://registry.npmjs.org/has-symbols/-/has-symbols-1.0.3.tgz"
    integrity sha512-l3LCuF6MgDNwTDKkdYGEihYjt5pRPbEg46rtlmnSPlUbgmB8LOIrKJbYYFBSbnPaJexMKtiPO8hmeRjRz2Td+A==
  
  has-unicode@^2.0.1:
    version "2.0.1"
    resolved "https://registry.npmjs.org/has-unicode/-/has-unicode-2.0.1.tgz"
    integrity sha512-8Rf9Y83NBReMnx0gFzA8JImQACstCYWUplepDa9xprwwtmgEZUF0h/i5xSA625zB/I37EtrswSST6OXxwaaIJQ==
  
  hasown@^2.0.0:
    version "2.0.0"
    resolved "https://registry.npmjs.org/hasown/-/hasown-2.0.0.tgz"
    integrity sha512-vUptKVTpIJhcczKBbgnS+RtcuYMB8+oNzPK2/Hp3hanz8JmpATdmmgLgSaadVREkDm+e2giHwY3ZRkyjSIDDFA==
    dependencies:
      function-bind "^1.1.2"
  
  http-errors@2.0.0:
    version "2.0.0"
    resolved "https://registry.npmjs.org/http-errors/-/http-errors-2.0.0.tgz"
    integrity sha512-FtwrG/euBzaEjYeRqOgly7G0qviiXoJWnvEH2Z1plBdXgbyjv34pHTSb9zoeHMyDy33+DWy5Wt9Wo+TURtOYSQ==
    dependencies:
      depd "2.0.0"
      inherits "2.0.4"
      setprototypeof "1.2.0"
      statuses "2.0.1"
      toidentifier "1.0.1"
  
  https-proxy-agent@^5.0.0:
    version "5.0.1"
    resolved "https://registry.npmjs.org/https-proxy-agent/-/https-proxy-agent-5.0.1.tgz"
    integrity sha512-dFcAjpTQFgoLMzC2VwU+C/CbS7uRL0lWmxDITmqm7C+7F0Odmj6s9l6alZc6AELXhrnggM2CeWSXHGOdX2YtwA==
    dependencies:
      agent-base "6"
      debug "4"
  
  iconv-lite@0.4.24:
    version "0.4.24"
    resolved "https://registry.npmjs.org/iconv-lite/-/iconv-lite-0.4.24.tgz"
    integrity sha512-v3MXnZAcvnywkTUEZomIActle7RXXeedOR31wwl7VlyoXO4Qi9arvSenNQWne1TcRwhCL1HwLI21bEqdpj8/rA==
    dependencies:
      safer-buffer ">= 2.1.2 < 3"
  
  ieee754@^1.1.13:
    version "1.2.1"
    resolved "https://registry.npmjs.org/ieee754/-/ieee754-1.2.1.tgz"
    integrity sha512-dcyqhDvX1C46lXZcVqCpK+FtMRQVdIMN6/Df5js2zouUsqG7I6sFxitIC+7KYK29KdXOLHdu9zL4sFnoVQnqaA==
  
  ignore-by-default@^1.0.1:
    version "1.0.1"
    resolved "https://registry.npmjs.org/ignore-by-default/-/ignore-by-default-1.0.1.tgz"
    integrity sha512-Ius2VYcGNk7T90CppJqcIkS5ooHUZyIQK+ClZfMfMNFEF9VSE73Fq+906u/CWu92x4gzZMWOwfFYckPObzdEbA==
  
  inflight@^1.0.4:
    version "1.0.6"
    resolved "https://registry.npmjs.org/inflight/-/inflight-1.0.6.tgz"
    integrity sha512-k92I/b08q4wvFscXCLvqfsHCrjrF7yiXsQuIVvVE7N82W3+aqpzuUdBbfhWcy/FZR3/4IgflMgKLOsvPDrGCJA==
    dependencies:
      once "^1.3.0"
      wrappy "1"
  
  inherits@^2.0.3, inherits@2, inherits@2.0.4:
    version "2.0.4"
    resolved "https://registry.npmjs.org/inherits/-/inherits-2.0.4.tgz"
    integrity sha512-k/vGaX4/Yla3WzyMCvTQOXYeIHvqOKtnqBduzTHpzpQZzAskKMhZ2K+EnBiSM9zGSoIFeMpXKxa4dYeZIQqewQ==
  
  ip@^2.0.0:
    version "2.0.0"
    resolved "https://registry.npmjs.org/ip/-/ip-2.0.0.tgz"
    integrity sha512-WKa+XuLG1A1R0UWhl2+1XQSi+fZWMsYKffMZTTYsiZaUD8k2yDAj5atimTUD2TZkyCkNEeYE5NhFZmupOGtjYQ==
  
  ipaddr.js@1.9.1:
    version "1.9.1"
    resolved "https://registry.npmjs.org/ipaddr.js/-/ipaddr.js-1.9.1.tgz"
    integrity sha512-0KI/607xoxSToH7GjN1FfSbLoU0+btTicjsQSWQlh/hZykN8KpmMf7uYwPW3R+akZ6R/w18ZlXSHBYXiYUPO3g==
  
  is-binary-path@~2.1.0:
    version "2.1.0"
    resolved "https://registry.npmjs.org/is-binary-path/-/is-binary-path-2.1.0.tgz"
    integrity sha512-ZMERYes6pDydyuGidse7OsHxtbI7WVeUEozgR/g7rd0xUimYNlvZRE/K2MgZTjWy725IfelLeVcEM97mmtRGXw==
    dependencies:
      binary-extensions "^2.0.0"
  
  is-extglob@^2.1.1:
    version "2.1.1"
    resolved "https://registry.npmjs.org/is-extglob/-/is-extglob-2.1.1.tgz"
    integrity sha512-SbKbANkN603Vi4jEZv49LeVJMn4yGwsbzZworEoyEiutsN3nJYdbO36zfhGJ6QEDpOZIFkDtnq5JRxmvl3jsoQ==
  
  is-fullwidth-code-point@^3.0.0:
    version "3.0.0"
    resolved "https://registry.npmjs.org/is-fullwidth-code-point/-/is-fullwidth-code-point-3.0.0.tgz"
    integrity sha512-zymm5+u+sCsSWyD9qNaejV3DFvhCKclKdizYaJUuHA83RLjb7nSuGnddCHGv0hk+KY7BMAlsWeK4Ueg6EV6XQg==
  
  is-glob@^4.0.1, is-glob@~4.0.1:
    version "4.0.3"
    resolved "https://registry.npmjs.org/is-glob/-/is-glob-4.0.3.tgz"
    integrity sha512-xelSayHH36ZgE7ZWhli7pW34hNbNl8Ojv5KVmkJD4hBdD3th8Tfk9vYasLM+mXWOZhFkgZfxhLSnrwRr4elSSg==
    dependencies:
      is-extglob "^2.1.1"
  
  is-number@^7.0.0:
    version "7.0.0"
    resolved "https://registry.npmjs.org/is-number/-/is-number-7.0.0.tgz"
    integrity sha512-41Cifkg6e8TylSpdtTpeLVMqvSBEVzTttHvERD741+pnZ8ANv0004MRL43QKPDlK9cGvNp6NZWZUBlbGXYxxng==
  
  jsonwebtoken@^8.5.1:
    version "8.5.1"
    resolved "https://registry.npmjs.org/jsonwebtoken/-/jsonwebtoken-8.5.1.tgz"
    integrity sha512-XjwVfRS6jTMsqYs0EsuJ4LGxXV14zQybNd4L2r0UvbVnSF9Af8x7p5MzbJ90Ioz/9TI41/hTCvznF/loiSzn8w==
    dependencies:
      jws "^3.2.2"
      lodash.includes "^4.3.0"
      lodash.isboolean "^3.0.3"
      lodash.isinteger "^4.0.4"
      lodash.isnumber "^3.0.3"
      lodash.isplainobject "^4.0.6"
      lodash.isstring "^4.0.1"
      lodash.once "^4.0.0"
      ms "^2.1.1"
      semver "^5.6.0"
  
  jwa@^1.4.1:
    version "1.4.1"
    resolved "https://registry.npmjs.org/jwa/-/jwa-1.4.1.tgz"
    integrity sha512-qiLX/xhEEFKUAJ6FiBMbes3w9ATzyk5W7Hvzpa/SLYdxNtng+gcurvrI7TbACjIXlsJyr05/S1oUhZrc63evQA==
    dependencies:
      buffer-equal-constant-time "1.0.1"
      ecdsa-sig-formatter "1.0.11"
      safe-buffer "^5.0.1"
  
  jws@^3.2.2:
    version "3.2.2"
    resolved "https://registry.npmjs.org/jws/-/jws-3.2.2.tgz"
    integrity sha512-YHlZCB6lMTllWDtSPHz/ZXTsi8S00usEV6v1tjq8tOUZzw7DpSDWVXjXDre6ed1w/pd495ODpHZYSdkRTsa0HA==
    dependencies:
      jwa "^1.4.1"
      safe-buffer "^5.0.1"
  
  kareem@2.5.1:
    version "2.5.1"
    resolved "https://registry.npmjs.org/kareem/-/kareem-2.5.1.tgz"
    integrity sha512-7jFxRVm+jD+rkq3kY0iZDJfsO2/t4BBPeEb2qKn2lR/9KhuksYk5hxzfRYWMPV8P/x2d0kHD306YyWLzjjH+uA==
  
  lodash.includes@^4.3.0:
    version "4.3.0"
    resolved "https://registry.npmjs.org/lodash.includes/-/lodash.includes-4.3.0.tgz"
    integrity sha512-W3Bx6mdkRTGtlJISOvVD/lbqjTlPPUDTMnlXZFnVwi9NKJ6tiAk6LVdlhZMm17VZisqhKcgzpO5Wz91PCt5b0w==
  
  lodash.isboolean@^3.0.3:
    version "3.0.3"
    resolved "https://registry.npmjs.org/lodash.isboolean/-/lodash.isboolean-3.0.3.tgz"
    integrity sha512-Bz5mupy2SVbPHURB98VAcw+aHh4vRV5IPNhILUCsOzRmsTmSQ17jIuqopAentWoehktxGd9e/hbIXq980/1QJg==
  
  lodash.isinteger@^4.0.4:
    version "4.0.4"
    resolved "https://registry.npmjs.org/lodash.isinteger/-/lodash.isinteger-4.0.4.tgz"
    integrity sha512-DBwtEWN2caHQ9/imiNeEA5ys1JoRtRfY3d7V9wkqtbycnAmTvRRmbHKDV4a0EYc678/dia0jrte4tjYwVBaZUA==
  
  lodash.isnumber@^3.0.3:
    version "3.0.3"
    resolved "https://registry.npmjs.org/lodash.isnumber/-/lodash.isnumber-3.0.3.tgz"
    integrity sha512-QYqzpfwO3/CWf3XP+Z+tkQsfaLL/EnUlXWVkIk5FUPc4sBdTehEqZONuyRt2P67PXAk+NXmTBcc97zw9t1FQrw==
  
  lodash.isplainobject@^4.0.6:
    version "4.0.6"
    resolved "https://registry.npmjs.org/lodash.isplainobject/-/lodash.isplainobject-4.0.6.tgz"
    integrity sha512-oSXzaWypCMHkPC3NvBEaPHf0KsA5mvPrOPgQWDsbg8n7orZ290M0BmC/jgRZ4vcJ6DTAhjrsSYgdsW/F+MFOBA==
  
  lodash.isstring@^4.0.1:
    version "4.0.1"
    resolved "https://registry.npmjs.org/lodash.isstring/-/lodash.isstring-4.0.1.tgz"
    integrity sha512-0wJxfxH1wgO3GrbuP+dTTk7op+6L41QCXbGINEmD+ny/G/eCqGzxyCsh7159S+mgDDcoarnBw6PC1PS5+wUGgw==
  
  lodash.once@^4.0.0:
    version "4.1.1"
    resolved "https://registry.npmjs.org/lodash.once/-/lodash.once-4.1.1.tgz"
    integrity sha512-Sb487aTOCr9drQVL8pIxOzVhafOjZN9UU54hiN8PU3uAiSV7lx1yYNpbNmex2PK6dSJoNTSJUUswT651yww3Mg==
  
  lru-cache@^6.0.0:
    version "6.0.0"
    resolved "https://registry.npmjs.org/lru-cache/-/lru-cache-6.0.0.tgz"
    integrity sha512-Jo6dJ04CmSjuznwJSS3pUeWmd/H0ffTlkXXgwZi+eq1UCmqQwCh+eLsYOYCwY991i2Fah4h1BEMCx4qThGbsiA==
    dependencies:
      yallist "^4.0.0"
  
  make-dir@^3.1.0:
    version "3.1.0"
    resolved "https://registry.npmjs.org/make-dir/-/make-dir-3.1.0.tgz"
    integrity sha512-g3FeP20LNwhALb/6Cz6Dd4F2ngze0jz7tbzrD2wAV+o9FeNHe4rL+yK2md0J/fiSf1sa1ADhXqi5+oVwOM/eGw==
    dependencies:
      semver "^6.0.0"
  
  media-typer@0.3.0:
    version "0.3.0"
    resolved "https://registry.npmjs.org/media-typer/-/media-typer-0.3.0.tgz"
    integrity sha512-dq+qelQ9akHpcOl/gUVRTxVIOkAJ1wR3QAvb4RsVjS8oVoFjDGTc679wJYmUmknUF5HwMLOgb5O+a3KxfWapPQ==
  
  memory-pager@^1.0.2:
    version "1.5.0"
    resolved "https://registry.npmjs.org/memory-pager/-/memory-pager-1.5.0.tgz"
    integrity sha512-ZS4Bp4r/Zoeq6+NLJpP+0Zzm0pR8whtGPf1XExKLJBAczGMnSi3It14OiNCStjQjM6NU1okjQGSxgEZN8eBYKg==
  
  merge-descriptors@1.0.1:
    version "1.0.1"
    resolved "https://registry.npmjs.org/merge-descriptors/-/merge-descriptors-1.0.1.tgz"
    integrity sha512-cCi6g3/Zr1iqQi6ySbseM1Xvooa98N0w31jzUYrXPX2xqObmFGHJ0tQ5u74H3mVh7wLouTseZyYIq39g8cNp1w==
  
  methods@~1.1.2:
    version "1.1.2"
    resolved "https://registry.npmjs.org/methods/-/methods-1.1.2.tgz"
    integrity sha512-iclAHeNqNm68zFtnZ0e+1L2yUIdvzNoauKU4WBA3VvH/vPFieF7qfRlwUZU+DA9P9bPXIS90ulxoUoCH23sV2w==
  
  mime-db@1.52.0:
    version "1.52.0"
    resolved "https://registry.npmjs.org/mime-db/-/mime-db-1.52.0.tgz"
    integrity sha512-sPU4uV7dYlvtWJxwwxHD0PuihVNiE7TyAbQ5SWxDCB9mUYvOgroQOwYQQOKPJ8CIbE+1ETVlOoK1UC2nU3gYvg==
  
  mime-types@~2.1.24, mime-types@~2.1.34:
    version "2.1.35"
    resolved "https://registry.npmjs.org/mime-types/-/mime-types-2.1.35.tgz"
    integrity sha512-ZDY+bPm5zTTF+YpCrAU9nK0UgICYPT0QtT1NZWFv4s++TNkcgVaT0g6+4R2uI4MjQjzysHB1zxuWL50hzaeXiw==
    dependencies:
      mime-db "1.52.0"
  
  mime@1.6.0:
    version "1.6.0"
    resolved "https://registry.npmjs.org/mime/-/mime-1.6.0.tgz"
    integrity sha512-x0Vn8spI+wuJ1O6S7gnbaQg8Pxh4NNHb7KSINmEWKiPE4RKOplvijn+NkmYmmRgP68mc70j2EbeTFRsrswaQeg==
  
  minimatch@^3.1.1, minimatch@^3.1.2:
    version "3.1.2"
    resolved "https://registry.npmjs.org/minimatch/-/minimatch-3.1.2.tgz"
    integrity sha512-J7p63hRiAjw1NDEww1W7i37+ByIrOWO5XQQAzZ3VOcL0PNybwpfmV/N05zFAzwQ9USyEcX6t3UO+K5aqBQOIHw==
    dependencies:
      brace-expansion "^1.1.7"
  
  minipass@^3.0.0:
    version "3.3.6"
    resolved "https://registry.npmjs.org/minipass/-/minipass-3.3.6.tgz"
    integrity sha512-DxiNidxSEK+tHG6zOIklvNOwm3hvCrbUrdtzY74U6HKTJxvIDfOUL5W5P2Ghd3DTkhhKPYGqeNUIh5qcM4YBfw==
    dependencies:
      yallist "^4.0.0"
  
  minipass@^5.0.0:
    version "5.0.0"
    resolved "https://registry.npmjs.org/minipass/-/minipass-5.0.0.tgz"
    integrity sha512-3FnjYuehv9k6ovOEbyOswadCDPX1piCfhV8ncmYtHOjuPwylVWsghTLo7rabjC3Rx5xD4HDx8Wm1xnMF7S5qFQ==
  
  minizlib@^2.1.1:
    version "2.1.2"
    resolved "https://registry.npmjs.org/minizlib/-/minizlib-2.1.2.tgz"
    integrity sha512-bAxsR8BVfj60DWXHE3u30oHzfl4G7khkSuPW+qvpd7jFRHm7dLxOjUk1EHACJ/hxLY8phGJ0YhYHZo7jil7Qdg==
    dependencies:
      minipass "^3.0.0"
      yallist "^4.0.0"
  
  mkdirp@^1.0.3:
    version "1.0.4"
    resolved "https://registry.npmjs.org/mkdirp/-/mkdirp-1.0.4.tgz"
    integrity sha512-vVqVZQyf3WLx2Shd0qJ9xuvqgAyKPLAiqITEtqW0oIUjzo3PePDd6fW9iFz30ef7Ysp/oiWqbhszeGWW2T6Gzw==
  
  mongodb-connection-string-url@^2.6.0:
    version "2.6.0"
    resolved "https://registry.npmjs.org/mongodb-connection-string-url/-/mongodb-connection-string-url-2.6.0.tgz"
    integrity sha512-WvTZlI9ab0QYtTYnuMLgobULWhokRjtC7db9LtcVfJ+Hsnyr5eo6ZtNAt3Ly24XZScGMelOcGtm7lSn0332tPQ==
    dependencies:
      "@types/whatwg-url" "^8.2.1"
      whatwg-url "^11.0.0"
  
  mongodb@4.17.2:
    version "4.17.2"
    resolved "https://registry.npmjs.org/mongodb/-/mongodb-4.17.2.tgz"
    integrity sha512-mLV7SEiov2LHleRJPMPrK2PMyhXFZt2UQLC4VD4pnth3jMjYKHhtqfwwkkvS/NXuo/Fp3vbhaNcXrIDaLRb9Tg==
    dependencies:
      bson "^4.7.2"
      mongodb-connection-string-url "^2.6.0"
      socks "^2.7.1"
    optionalDependencies:
      "@aws-sdk/credential-providers" "^3.186.0"
      "@mongodb-js/saslprep" "^1.1.0"
  
  mongoose@^6.7.2:
    version "6.12.5"
    resolved "https://registry.npmjs.org/mongoose/-/mongoose-6.12.5.tgz"
    integrity sha512-lG+FlJ1ItmwtQ4JPT1KqOsHp5HiD/LvjssRp7zmruZ5UDBSGWeht1rYPMzb1t70SNhMJDuimL5qvIi+AQiJFlQ==
    dependencies:
      bson "^4.7.2"
      kareem "2.5.1"
      mongodb "4.17.2"
      mpath "0.9.0"
      mquery "4.0.3"
      ms "2.1.3"
      sift "16.0.1"
  
  mpath@0.9.0:
    version "0.9.0"
    resolved "https://registry.npmjs.org/mpath/-/mpath-0.9.0.tgz"
    integrity sha512-ikJRQTk8hw5DEoFVxHG1Gn9T/xcjtdnOKIU1JTmGjZZlg9LST2mBLmcX3/ICIbgJydT2GOc15RnNy5mHmzfSew==
  
  mquery@4.0.3:
    version "4.0.3"
    resolved "https://registry.npmjs.org/mquery/-/mquery-4.0.3.tgz"
    integrity sha512-J5heI+P08I6VJ2Ky3+33IpCdAvlYGTSUjwTPxkAr8i8EoduPMBX2OY/wa3IKZIQl7MU4SbFk8ndgSKyB/cl1zA==
    dependencies:
      debug "4.x"
  
  ms@^2.1.1:
    version "2.1.3"
    resolved "https://registry.npmjs.org/ms/-/ms-2.1.3.tgz"
    integrity sha512-6FlzubTLZG3J2a/NVCAleEhjzq5oxgHyaCU9yYXvcLsvoVaHJq/s5xXI6/XXP6tz7R9xAOtHnSO/tXtF3WRTlA==
  
  ms@2.0.0:
    version "2.0.0"
    resolved "https://registry.npmjs.org/ms/-/ms-2.0.0.tgz"
    integrity sha512-Tpp60P6IUJDTuOq/5Z8cdskzJujfwqfOTkrwIwj7IRISpnkJnT6SyJ4PCPnGMoFjC9ddhal5KVIYtAt97ix05A==
  
  ms@2.1.2:
    version "2.1.2"
    resolved "https://registry.npmjs.org/ms/-/ms-2.1.2.tgz"
    integrity sha512-sGkPx+VjMtmA6MX27oA4FBFELFCZZ4S4XqeGOXCv68tT+jb3vk/RyaKWP0PTKyWtmLSM0b+adUTEvbs1PEaH2w==
  
  ms@2.1.3:
    version "2.1.3"
    resolved "https://registry.npmjs.org/ms/-/ms-2.1.3.tgz"
    integrity sha512-6FlzubTLZG3J2a/NVCAleEhjzq5oxgHyaCU9yYXvcLsvoVaHJq/s5xXI6/XXP6tz7R9xAOtHnSO/tXtF3WRTlA==
  
  negotiator@0.6.3:
    version "0.6.3"
    resolved "https://registry.npmjs.org/negotiator/-/negotiator-0.6.3.tgz"
    integrity sha512-+EUsqGPLsM+j/zdChZjsnX51g4XrHFOIXwfnCVPGlQk/k5giakcKsuxCObBRu6DSm9opw/O6slWbJdghQM4bBg==
  
  node-addon-api@^5.0.0:
    version "5.1.0"
    resolved "https://registry.npmjs.org/node-addon-api/-/node-addon-api-5.1.0.tgz"
    integrity sha512-eh0GgfEkpnoWDq+VY8OyvYhFEzBk6jIYbRKdIlyTiAXIVJ8PyBaKb0rp7oDtoddbdoHWhq8wwr+XZ81F1rpNdA==
  
  node-fetch@^2.6.7:
    version "2.7.0"
    resolved "https://registry.npmjs.org/node-fetch/-/node-fetch-2.7.0.tgz"
    integrity sha512-c4FRfUm/dbcWZ7U+1Wq0AwCyFL+3nt2bEw05wfxSz+DWpWsitgmSgYmy2dQdWyKC1694ELPqMs/YzUSNozLt8A==
    dependencies:
      whatwg-url "^5.0.0"
  
  nodemon@^3.0.2:
    version "3.0.2"
    resolved "https://registry.npmjs.org/nodemon/-/nodemon-3.0.2.tgz"
    integrity sha512-9qIN2LNTrEzpOPBaWHTm4Asy1LxXLSickZStAQ4IZe7zsoIpD/A7LWxhZV3t4Zu352uBcqVnRsDXSMR2Sc3lTA==
    dependencies:
      chokidar "^3.5.2"
      debug "^4"
      ignore-by-default "^1.0.1"
      minimatch "^3.1.2"
      pstree.remy "^1.1.8"
      semver "^7.5.3"
      simple-update-notifier "^2.0.0"
      supports-color "^5.5.0"
      touch "^3.1.0"
      undefsafe "^2.0.5"
  
  nopt@^5.0.0:
    version "5.0.0"
    resolved "https://registry.npmjs.org/nopt/-/nopt-5.0.0.tgz"
    integrity sha512-Tbj67rffqceeLpcRXrT7vKAN8CwfPeIBgM7E6iBkmKLV7bEMwpGgYLGv0jACUsECaa/vuxP0IjEont6umdMgtQ==
    dependencies:
      abbrev "1"
  
  nopt@~1.0.10:
    version "1.0.10"
    resolved "https://registry.npmjs.org/nopt/-/nopt-1.0.10.tgz"
    integrity sha512-NWmpvLSqUrgrAC9HCuxEvb+PSloHpqVu+FqcO4eeF2h5qYRhA7ev6KvelyQAKtegUbC6RypJnlEOhd8vloNKYg==
    dependencies:
      abbrev "1"
  
  normalize-path@^3.0.0, normalize-path@~3.0.0:
    version "3.0.0"
    resolved "https://registry.npmjs.org/normalize-path/-/normalize-path-3.0.0.tgz"
    integrity sha512-6eZs5Ls3WtCisHWp9S2GUy8dqkpGi4BVSz3GaqiE6ezub0512ESztXUwUB6C6IKbQkY2Pnb/mD4WYojCRwcwLA==
  
  npmlog@^5.0.1:
    version "5.0.1"
    resolved "https://registry.npmjs.org/npmlog/-/npmlog-5.0.1.tgz"
    integrity sha512-AqZtDUWOMKs1G/8lwylVjrdYgqA4d9nu8hc+0gzRxlDb1I10+FHBGMXs6aiQHFdCUUlqH99MUMuLfzWDNDtfxw==
    dependencies:
      are-we-there-yet "^2.0.0"
      console-control-strings "^1.1.0"
      gauge "^3.0.0"
      set-blocking "^2.0.0"
  
  object-assign@^4.1.1:
    version "4.1.1"
    resolved "https://registry.npmjs.org/object-assign/-/object-assign-4.1.1.tgz"
    integrity sha512-rJgTQnkUnH1sFw8yT6VSU3zD3sWmu6sZhIseY8VX+GRu3P6F7Fu+JNDoXfklElbLJSnc3FUQHVe4cU5hj+BcUg==
  
  object-inspect@^1.9.0:
    version "1.13.1"
    resolved "https://registry.npmjs.org/object-inspect/-/object-inspect-1.13.1.tgz"
    integrity sha512-5qoj1RUiKOMsCCNLV1CBiPYE10sziTsnmNxkAI/rZhiD63CF7IqdFGC/XzjWjpSgLf0LxXX3bDFIh0E18f6UhQ==
  
  on-finished@2.4.1:
    version "2.4.1"
    resolved "https://registry.npmjs.org/on-finished/-/on-finished-2.4.1.tgz"
    integrity sha512-oVlzkg3ENAhCk2zdv7IJwd/QUD4z2RxRwpkcGY8psCVcCYZNq4wYnVWALHM+brtuJjePWiYF/ClmuDr8Ch5+kg==
    dependencies:
      ee-first "1.1.1"
  
  once@^1.3.0:
    version "1.4.0"
    resolved "https://registry.npmjs.org/once/-/once-1.4.0.tgz"
    integrity sha512-lNaJgI+2Q5URQBkccEKHTQOPaXdUxnZZElQTZY0MFUAuaEqe1E+Nyvgdz/aIyNi6Z9MzO5dv1H8n58/GELp3+w==
    dependencies:
      wrappy "1"
  
  parseurl@~1.3.3:
    version "1.3.3"
    resolved "https://registry.npmjs.org/parseurl/-/parseurl-1.3.3.tgz"
    integrity sha512-CiyeOxFT/JZyN5m0z9PfXw4SCBJ6Sygz1Dpl0wqjlhDEGGBP1GnsUVEL0p63hoG1fcj3fHynXi9NYO4nWOL+qQ==
  
  path-is-absolute@^1.0.0:
    version "1.0.1"
    resolved "https://registry.npmjs.org/path-is-absolute/-/path-is-absolute-1.0.1.tgz"
    integrity sha512-AVbw3UJ2e9bq64vSaS9Am0fje1Pa8pbGqTTsmXfaIiMpnr5DlDhfJOuLj9Sf95ZPVDAUerDfEk88MPmPe7UCQg==
  
  path-to-regexp@0.1.7:
    version "0.1.7"
    resolved "https://registry.npmjs.org/path-to-regexp/-/path-to-regexp-0.1.7.tgz"
    integrity sha512-5DFkuoqlv1uYQKxy8omFBeJPQcdoE07Kv2sferDCrAq1ohOU+MSDswDIbnx3YAM60qIOnYa53wBhXW0EbMonrQ==
  
  picomatch@^2.0.4, picomatch@^2.2.1:
    version "2.3.1"
    resolved "https://registry.npmjs.org/picomatch/-/picomatch-2.3.1.tgz"
    integrity sha512-JU3teHTNjmE2VCGFzuY8EXzCDVwEqB2a8fsIvwaStHhAWJEeVd1o1QD80CU6+ZdEXXSLbSsuLwJjkCBWqRQUVA==
  
  proxy-addr@~2.0.7:
    version "2.0.7"
    resolved "https://registry.npmjs.org/proxy-addr/-/proxy-addr-2.0.7.tgz"
    integrity sha512-llQsMLSUDUPT44jdrU/O37qlnifitDP+ZwrmmZcoSKyLKvtZxpyV0n2/bD/N4tBAAZ/gJEdZU7KMraoK1+XYAg==
    dependencies:
      forwarded "0.2.0"
      ipaddr.js "1.9.1"
  
  pstree.remy@^1.1.8:
    version "1.1.8"
    resolved "https://registry.npmjs.org/pstree.remy/-/pstree.remy-1.1.8.tgz"
    integrity sha512-77DZwxQmxKnu3aR542U+X8FypNzbfJ+C5XQDk3uWjWxn6151aIMGthWYRXTqT1E5oJvg+ljaa2OJi+VfvCOQ8w==
  
  punycode@^2.1.1:
    version "2.3.1"
    resolved "https://registry.npmjs.org/punycode/-/punycode-2.3.1.tgz"
    integrity sha512-vYt7UD1U9Wg6138shLtLOvdAu+8DsC/ilFtEVHcH+wydcSpNE20AfSOduf6MkRFahL5FY7X1oU7nKVZFtfq8Fg==
  
  qs@6.11.0:
    version "6.11.0"
    resolved "https://registry.npmjs.org/qs/-/qs-6.11.0.tgz"
    integrity sha512-MvjoMCJwEarSbUYk5O+nmoSzSutSsTwF85zcHPQ9OrlFoZOYIjaqBAJIqIXjptyD5vThxGq52Xu/MaJzRkIk4Q==
    dependencies:
      side-channel "^1.0.4"
  
  range-parser@~1.2.1:
    version "1.2.1"
    resolved "https://registry.npmjs.org/range-parser/-/range-parser-1.2.1.tgz"
    integrity sha512-Hrgsx+orqoygnmhFbKaHE6c296J+HTAQXoxEF6gNupROmmGJRoyzfG3ccAveqCBrwr/2yxQ5BVd/GTl5agOwSg==
  
  raw-body@2.5.1:
    version "2.5.1"
    resolved "https://registry.npmjs.org/raw-body/-/raw-body-2.5.1.tgz"
    integrity sha512-qqJBtEyVgS0ZmPGdCFPWJ3FreoqvG4MVQln/kCgF7Olq95IbOp0/BWyMwbdtn4VTvkM8Y7khCQ2Xgk/tcrCXig==
    dependencies:
      bytes "3.1.2"
      http-errors "2.0.0"
      iconv-lite "0.4.24"
      unpipe "1.0.0"
  
  raw-body@2.5.2:
    version "2.5.2"
    resolved "https://registry.npmjs.org/raw-body/-/raw-body-2.5.2.tgz"
    integrity sha512-8zGqypfENjCIqGhgXToC8aB2r7YrBX+AQAfIPs/Mlk+BtPTztOvTS01NRW/3Eh60J+a48lt8qsCzirQ6loCVfA==
    dependencies:
      bytes "3.1.2"
      http-errors "2.0.0"
      iconv-lite "0.4.24"
      unpipe "1.0.0"
  
  readable-stream@^3.6.0:
    version "3.6.2"
    resolved "https://registry.npmjs.org/readable-stream/-/readable-stream-3.6.2.tgz"
    integrity sha512-9u/sniCrY3D5WdsERHzHE4G2YCXqoG5FTHUiCC4SIbr6XcLZBY05ya9EKjYek9O5xOAwjGq+1JdGBAS7Q9ScoA==
    dependencies:
      inherits "^2.0.3"
      string_decoder "^1.1.1"
      util-deprecate "^1.0.1"
  
  readdirp@~3.6.0:
    version "3.6.0"
    resolved "https://registry.npmjs.org/readdirp/-/readdirp-3.6.0.tgz"
    integrity sha512-hOS089on8RduqdbhvQ5Z37A0ESjsqz6qnRcffsMU3495FuTdqSm+7bhJ29JvIOsBDEEnan5DPu9t3To9VRlMzA==
    dependencies:
      picomatch "^2.2.1"
  
  rimraf@^3.0.2:
    version "3.0.2"
    resolved "https://registry.npmjs.org/rimraf/-/rimraf-3.0.2.tgz"
    integrity sha512-JZkJMZkAGFFPP2YqXZXPbMlMBgsxzE8ILs4lMIX/2o0L9UBw9O/Y3o6wFw/i9YLapcUJWwqbi3kdxIPdC62TIA==
    dependencies:
      glob "^7.1.3"
  
  safe-buffer@^5.0.1, safe-buffer@~5.2.0, safe-buffer@5.2.1:
    version "5.2.1"
    resolved "https://registry.npmjs.org/safe-buffer/-/safe-buffer-5.2.1.tgz"
    integrity sha512-rp3So07KcdmmKbGvgaNxQSJr7bGVSVk5S9Eq1F+ppbRo70+YeaDxkw5Dd8NPN+GD6bjnYm2VuPuCXmpuYvmCXQ==
  
  "safer-buffer@>= 2.1.2 < 3":
    version "2.1.2"
    resolved "https://registry.npmjs.org/safer-buffer/-/safer-buffer-2.1.2.tgz"
    integrity sha512-YZo3K82SD7Riyi0E1EQPojLz7kpepnSQI9IyPbHHg1XXXevb5dJI7tpyN2ADxGcQbHG7vcyRHk0cbwqcQriUtg==
  
  semver@^5.6.0:
    version "5.7.2"
    resolved "https://registry.npmjs.org/semver/-/semver-5.7.2.tgz"
    integrity sha512-cBznnQ9KjJqU67B52RMC65CMarK2600WFnbkcaiwWq3xy/5haFJlshgnpjovMVJ+Hff49d8GEn0b87C5pDQ10g==
  
  semver@^6.0.0:
    version "6.3.1"
    resolved "https://registry.npmjs.org/semver/-/semver-6.3.1.tgz"
    integrity sha512-BR7VvDCVHO+q2xBEWskxS6DJE1qRnb7DxzUrogb71CWoSficBxYsiAGd+Kl0mmq/MprG9yArRkyrQxTO6XjMzA==
  
  semver@^7.3.5, semver@^7.5.3:
    version "7.5.4"
    resolved "https://registry.npmjs.org/semver/-/semver-7.5.4.tgz"
    integrity sha512-1bCSESV6Pv+i21Hvpxp3Dx+pSD8lIPt8uVjRrxAUt/nbswYc+tK6Y2btiULjd4+fnq15PX+nqQDC7Oft7WkwcA==
    dependencies:
      lru-cache "^6.0.0"
  
  send@0.18.0:
    version "0.18.0"
    resolved "https://registry.npmjs.org/send/-/send-0.18.0.tgz"
    integrity sha512-qqWzuOjSFOuqPjFe4NOsMLafToQQwBSOEpS+FwEt3A2V3vKubTquT3vmLTQpFgMXp8AlFWFuP1qKaJZOtPpVXg==
    dependencies:
      debug "2.6.9"
      depd "2.0.0"
      destroy "1.2.0"
      encodeurl "~1.0.2"
      escape-html "~1.0.3"
      etag "~1.8.1"
      fresh "0.5.2"
      http-errors "2.0.0"
      mime "1.6.0"
      ms "2.1.3"
      on-finished "2.4.1"
      range-parser "~1.2.1"
      statuses "2.0.1"
  
  serve-static@1.15.0:
    version "1.15.0"
    resolved "https://registry.npmjs.org/serve-static/-/serve-static-1.15.0.tgz"
    integrity sha512-XGuRDNjXUijsUL0vl6nSD7cwURuzEgglbOaFuZM9g3kwDXOWVTck0jLzjPzGD+TazWbboZYu52/9/XPdUgne9g==
    dependencies:
      encodeurl "~1.0.2"
      escape-html "~1.0.3"
      parseurl "~1.3.3"
      send "0.18.0"
  
  set-blocking@^2.0.0:
    version "2.0.0"
    resolved "https://registry.npmjs.org/set-blocking/-/set-blocking-2.0.0.tgz"
    integrity sha512-KiKBS8AnWGEyLzofFfmvKwpdPzqiy16LvQfK3yv/fVH7Bj13/wl3JSR1J+rfgRE9q7xUJK4qvgS8raSOeLUehw==
  
  set-function-length@^1.1.1:
    version "1.1.1"
    resolved "https://registry.npmjs.org/set-function-length/-/set-function-length-1.1.1.tgz"
    integrity sha512-VoaqjbBJKiWtg4yRcKBQ7g7wnGnLV3M8oLvVWwOk2PdYY6PEFegR1vezXR0tw6fZGF9csVakIRjrJiy2veSBFQ==
    dependencies:
      define-data-property "^1.1.1"
      get-intrinsic "^1.2.1"
      gopd "^1.0.1"
      has-property-descriptors "^1.0.0"
  
  setprototypeof@1.2.0:
    version "1.2.0"
    resolved "https://registry.npmjs.org/setprototypeof/-/setprototypeof-1.2.0.tgz"
    integrity sha512-E5LDX7Wrp85Kil5bhZv46j8jOeboKq5JMmYM3gVGdGH8xFpPWXUMsNrlODCrkoxMEeNi/XZIwuRvY4XNwYMJpw==
  
  side-channel@^1.0.4:
    version "1.0.4"
    resolved "https://registry.npmjs.org/side-channel/-/side-channel-1.0.4.tgz"
    integrity sha512-q5XPytqFEIKHkGdiMIrY10mvLRvnQh42/+GoBlFW3b2LXLE2xxJpZFdm94we0BaoV3RwJyGqg5wS7epxTv0Zvw==
    dependencies:
      call-bind "^1.0.0"
      get-intrinsic "^1.0.2"
      object-inspect "^1.9.0"
  
  sift@16.0.1:
    version "16.0.1"
    resolved "https://registry.npmjs.org/sift/-/sift-16.0.1.tgz"
    integrity sha512-Wv6BjQ5zbhW7VFefWusVP33T/EM0vYikCaQ2qR8yULbsilAT8/wQaXvuQ3ptGLpoKx+lihJE3y2UTgKDyyNHZQ==
  
  signal-exit@^3.0.0:
    version "3.0.7"
    resolved "https://registry.npmjs.org/signal-exit/-/signal-exit-3.0.7.tgz"
    integrity sha512-wnD2ZE+l+SPC/uoS0vXeE9L1+0wuaMqKlfz9AMUo38JsyLSBWSFcHR1Rri62LZc12vLr1gb3jl7iwQhgwpAbGQ==
  
  simple-update-notifier@^2.0.0:
    version "2.0.0"
    resolved "https://registry.npmjs.org/simple-update-notifier/-/simple-update-notifier-2.0.0.tgz"
    integrity sha512-a2B9Y0KlNXl9u/vsW6sTIu9vGEpfKu2wRV6l1H3XEas/0gUIzGzBoP/IouTcUQbm9JWZLH3COxyn03TYlFax6w==
    dependencies:
      semver "^7.5.3"
  
  smart-buffer@^4.2.0:
    version "4.2.0"
    resolved "https://registry.npmjs.org/smart-buffer/-/smart-buffer-4.2.0.tgz"
    integrity sha512-94hK0Hh8rPqQl2xXc3HsaBoOXKV20MToPkcXvwbISWLEs+64sBq5kFgn2kJDHb1Pry9yrP0dxrCI9RRci7RXKg==
  
  socks@^2.7.1:
    version "2.7.1"
    resolved "https://registry.npmjs.org/socks/-/socks-2.7.1.tgz"
    integrity sha512-7maUZy1N7uo6+WVEX6psASxtNlKaNVMlGQKkG/63nEDdLOWNbiUMoLK7X4uYoLhQstau72mLgfEWcXcwsaHbYQ==
    dependencies:
      ip "^2.0.0"
      smart-buffer "^4.2.0"
  
  sparse-bitfield@^3.0.3:
    version "3.0.3"
    resolved "https://registry.npmjs.org/sparse-bitfield/-/sparse-bitfield-3.0.3.tgz"
    integrity sha512-kvzhi7vqKTfkh0PZU+2D2PIllw2ymqJKujUcyPMd9Y75Nv4nPbGJZXNhxsgdQab2BmlDct1YnfQCguEvHr7VsQ==
    dependencies:
      memory-pager "^1.0.2"
  
  statuses@2.0.1:
    version "2.0.1"
    resolved "https://registry.npmjs.org/statuses/-/statuses-2.0.1.tgz"
    integrity sha512-RwNA9Z/7PrK06rYLIzFMlaF+l73iwpzsqRIFgbMLbTcLD6cOao82TaWefPXQvB2fOC4AjuYSEndS7N/mTCbkdQ==
  
  string_decoder@^1.1.1:
    version "1.3.0"
    resolved "https://registry.npmjs.org/string_decoder/-/string_decoder-1.3.0.tgz"
    integrity sha512-hkRX8U1WjJFd8LsDJ2yQ/wWWxaopEsABU1XfkM8A+j0+85JAGppt16cr1Whg6KIbb4okU6Mql6BOj+uup/wKeA==
    dependencies:
      safe-buffer "~5.2.0"
  
  "string-width@^1.0.2 || 2 || 3 || 4", string-width@^4.2.3:
    version "4.2.3"
    resolved "https://registry.npmjs.org/string-width/-/string-width-4.2.3.tgz"
    integrity sha512-wKyQRQpjJ0sIp62ErSZdGsjMJWsap5oRNihHhu6G7JVO/9jIB6UyevL+tXuOqrng8j/cxKTWyWUwvSTriiZz/g==
    dependencies:
      emoji-regex "^8.0.0"
      is-fullwidth-code-point "^3.0.0"
      strip-ansi "^6.0.1"
  
  strip-ansi@^6.0.1:
    version "6.0.1"
    resolved "https://registry.npmjs.org/strip-ansi/-/strip-ansi-6.0.1.tgz"
    integrity sha512-Y38VPSHcqkFrCpFnQ9vuSXmquuv5oXOKpGeT6aGrr3o3Gc9AlVa6JBfUSOCnbxGGZF+/0ooI7KrPuUSztUdU5A==
    dependencies:
      ansi-regex "^5.0.1"
  
  strnum@^1.0.5:
    version "1.0.5"
    resolved "https://registry.npmjs.org/strnum/-/strnum-1.0.5.tgz"
    integrity sha512-J8bbNyKKXl5qYcR36TIO8W3mVGVHrmmxsd5PAItGkmyzwJvybiw2IVq5nqd0i4LSNSkB/sx9VHllbfFdr9k1JA==
  
  supports-color@^5.5.0:
    version "5.5.0"
    resolved "https://registry.npmjs.org/supports-color/-/supports-color-5.5.0.tgz"
    integrity sha512-QjVjwdXIt408MIiAqCX4oUKsgU2EqAGzs2Ppkm4aQYbjm+ZEWEcW4SfFNTr4uMNZma0ey4f5lgLrkB0aX0QMow==
    dependencies:
      has-flag "^3.0.0"
  
  tar@^6.1.11:
    version "6.2.0"
    resolved "https://registry.npmjs.org/tar/-/tar-6.2.0.tgz"
    integrity sha512-/Wo7DcT0u5HUV486xg675HtjNd3BXZ6xDbzsCUZPt5iw8bTQ63bP0Raut3mvro9u+CUyq7YQd8Cx55fsZXxqLQ==
    dependencies:
      chownr "^2.0.0"
      fs-minipass "^2.0.0"
      minipass "^5.0.0"
      minizlib "^2.1.1"
      mkdirp "^1.0.3"
      yallist "^4.0.0"
  
  to-regex-range@^5.0.1:
    version "5.0.1"
    resolved "https://registry.npmjs.org/to-regex-range/-/to-regex-range-5.0.1.tgz"
    integrity sha512-65P7iz6X5yEr1cwcgvQxbbIw7Uk3gOy5dIdtZ4rDveLqhrdJP+Li/Hx6tyK0NEb+2GCyneCMJiGqrADCSNk8sQ==
    dependencies:
      is-number "^7.0.0"
  
  toidentifier@1.0.1:
    version "1.0.1"
    resolved "https://registry.npmjs.org/toidentifier/-/toidentifier-1.0.1.tgz"
    integrity sha512-o5sSPKEkg/DIQNmH43V0/uerLrpzVedkUh8tGNvaeXpfpuwjKenlSox/2O/BTlZUtEe+JG7s5YhEz608PlAHRA==
  
  touch@^3.1.0:
    version "3.1.0"
    resolved "https://registry.npmjs.org/touch/-/touch-3.1.0.tgz"
    integrity sha512-WBx8Uy5TLtOSRtIq+M03/sKDrXCLHxwDcquSP2c43Le03/9serjQBIztjRz6FkJez9D/hleyAXTBGLwwZUw9lA==
    dependencies:
      nopt "~1.0.10"
  
  tr46@^3.0.0:
    version "3.0.0"
    resolved "https://registry.npmjs.org/tr46/-/tr46-3.0.0.tgz"
    integrity sha512-l7FvfAHlcmulp8kr+flpQZmVwtu7nfRV7NZujtN0OqES8EL4O4e0qqzL0DC5gAvx/ZC/9lk6rhcUwYvkBnBnYA==
    dependencies:
      punycode "^2.1.1"
  
  tr46@~0.0.3:
    version "0.0.3"
    resolved "https://registry.npmjs.org/tr46/-/tr46-0.0.3.tgz"
    integrity sha512-N3WMsuqV66lT30CrXNbEjx4GEwlow3v6rr4mCcv6prnfwhS01rkgyFdjPNBYd9br7LpXV1+Emh01fHnq2Gdgrw==
  
  tslib@^1.11.1:
    version "1.14.1"
    resolved "https://registry.npmjs.org/tslib/-/tslib-1.14.1.tgz"
    integrity sha512-Xni35NKzjgMrwevysHTCArtLDpPvye8zV/0E4EyYn43P7/7qvQwPh9BGkHewbMulVntbigmcT7rdX3BNo9wRJg==
  
  tslib@^2.3.1, tslib@^2.5.0:
    version "2.6.2"
    resolved "https://registry.npmjs.org/tslib/-/tslib-2.6.2.tgz"
    integrity sha512-AEYxH93jGFPn/a2iVAwW87VuUIkR1FVUKB77NwMF7nBTDkDrrT/Hpt/IrCJ0QXhW27jTBDcf5ZY7w6RiqTMw2Q==
  
  type-is@~1.6.18:
    version "1.6.18"
    resolved "https://registry.npmjs.org/type-is/-/type-is-1.6.18.tgz"
    integrity sha512-TkRKr9sUTxEH8MdfuCSP7VizJyzRNMjj2J2do2Jr3Kym598JVdEksuzPQCnlFPW4ky9Q+iA+ma9BGm06XQBy8g==
    dependencies:
      media-typer "0.3.0"
      mime-types "~2.1.24"
  
  undefsafe@^2.0.5:
    version "2.0.5"
    resolved "https://registry.npmjs.org/undefsafe/-/undefsafe-2.0.5.tgz"
    integrity sha512-WxONCrssBM8TSPRqN5EmsjVrsv4A8X12J4ArBiiayv3DyyG3ZlIg6yysuuSYdZsVz3TKcTg2fd//Ujd4CHV1iA==
  
  undici-types@~5.26.4:
    version "5.26.5"
    resolved "https://registry.npmjs.org/undici-types/-/undici-types-5.26.5.tgz"
    integrity sha512-JlCMO+ehdEIKqlFxk6IfVoAUVmgz7cU7zD/h9XZ0qzeosSHmUJVOzSQvvYSYWXkFXC+IfLKSIffhv0sVZup6pA==
  
  unpipe@~1.0.0, unpipe@1.0.0:
    version "1.0.0"
    resolved "https://registry.npmjs.org/unpipe/-/unpipe-1.0.0.tgz"
    integrity sha512-pjy2bYhSsufwWlKwPc+l3cN7+wuJlK6uz0YdJEOlQDbl6jo/YlPi4mb8agUkVC8BF7V8NuzeyPNqRksA3hztKQ==
  
  util-deprecate@^1.0.1:
    version "1.0.2"
    resolved "https://registry.npmjs.org/util-deprecate/-/util-deprecate-1.0.2.tgz"
    integrity sha512-EPD5q1uXyFxJpCrLnCc1nHnq3gOa6DZBocAIiI2TaSCA7VCJ1UJDMagCzIkXNsUYfD1daK//LTEQ8xiIbrHtcw==
  
  utils-merge@1.0.1:
    version "1.0.1"
    resolved "https://registry.npmjs.org/utils-merge/-/utils-merge-1.0.1.tgz"
    integrity sha512-pMZTvIkT1d+TFGvDOqodOclx0QWkkgi6Tdoa8gC8ffGAAqz9pzPTZWAybbsHHoED/ztMtkv/VoYTYyShUn81hA==
  
  uuid@^8.3.2:
    version "8.3.2"
    resolved "https://registry.npmjs.org/uuid/-/uuid-8.3.2.tgz"
    integrity sha512-+NYs2QeMWy+GWFOEm9xnn6HCDp0l7QBD7ml8zLUmJ+93Q5NF0NocErnwkTkXVFNiX3/fpC6afS8Dhb/gz7R7eg==
  
  vary@~1.1.2:
    version "1.1.2"
    resolved "https://registry.npmjs.org/vary/-/vary-1.1.2.tgz"
    integrity sha512-BNGbWLfd0eUPabhkXUVm0j8uuvREyTh5ovRa/dyow/BqAbZJyC+5fU+IzQOzmAKzYqYRAISoRhdQr3eIZ/PXqg==
  
  webidl-conversions@^3.0.0:
    version "3.0.1"
    resolved "https://registry.npmjs.org/webidl-conversions/-/webidl-conversions-3.0.1.tgz"
    integrity sha512-2JAn3z8AR6rjK8Sm8orRC0h/bcl/DqL7tRPdGZ4I1CjdF+EaMLmYxBHyXuKL849eucPFhvBoxMsflfOb8kxaeQ==
  
  webidl-conversions@^7.0.0:
    version "7.0.0"
    resolved "https://registry.npmjs.org/webidl-conversions/-/webidl-conversions-7.0.0.tgz"
    integrity sha512-VwddBukDzu71offAQR975unBIGqfKZpM+8ZX6ySk8nYhVoo5CYaZyzt3YBvYtRtO+aoGlqxPg/B87NGVZ/fu6g==
  
  whatwg-url@^11.0.0:
    version "11.0.0"
    resolved "https://registry.npmjs.org/whatwg-url/-/whatwg-url-11.0.0.tgz"
    integrity sha512-RKT8HExMpoYx4igMiVMY83lN6UeITKJlBQ+vR/8ZJ8OCdSiN3RwCq+9gH0+Xzj0+5IrM6i4j/6LuvzbZIQgEcQ==
    dependencies:
      tr46 "^3.0.0"
      webidl-conversions "^7.0.0"
  
  whatwg-url@^5.0.0:
    version "5.0.0"
    resolved "https://registry.npmjs.org/whatwg-url/-/whatwg-url-5.0.0.tgz"
    integrity sha512-saE57nupxk6v3HY35+jzBwYa0rKSy0XR8JSxZPwgLr7ys0IBzhGviA1/TUGJLmSVqs8pb9AnvICXEuOHLprYTw==
    dependencies:
      tr46 "~0.0.3"
      webidl-conversions "^3.0.0"
  
  wide-align@^1.1.2:
    version "1.1.5"
    resolved "https://registry.npmjs.org/wide-align/-/wide-align-1.1.5.tgz"
    integrity sha512-eDMORYaPNZ4sQIuuYPDHdQvf4gyCF9rEEV/yPxGfwPkRodwEgiMUUXTx/dex+Me0wxx53S+NgUHaP7y3MGlDmg==
    dependencies:
      string-width "^1.0.2 || 2 || 3 || 4"
  
  wrappy@1:
    version "1.0.2"
    resolved "https://registry.npmjs.org/wrappy/-/wrappy-1.0.2.tgz"
    integrity sha512-l4Sp/DRseor9wL6EvV2+TuQn63dMkPjZ/sp9XkghTEbV9KlPS1xUsZ3u7/IQO4wxtcFB4bgpQPRcR3QCvezPcQ==
  
  yallist@^4.0.0:
    version "4.0.0"
    resolved "https://registry.npmjs.org/yallist/-/yallist-4.0.0.tgz"
    integrity sha512-3wdGidZyq5PB084XLES5TpOSRA3wjXAlIWMhum2kRcv/41Sn2emQ0dycQW4uZXLejwKvg6EsvbdlVL+FYEct7A==
